2024-06-22 07:45:27,419 - tools - INFO - find_json_value: reso into json/input_values.json is None
2024-06-22 07:45:27,421 - tools - INFO - find_json_value: anglr_ into json/input_values.json is 40.0
2024-06-22 07:45:27,422 - tools - INFO - find_json_value: steps into json/input_values.json is 1000.0
2024-06-22 07:45:27,424 - tools - INFO - find_json_value: coil_radius into json/input_values.json is None
2024-06-22 07:45:27,424 - tools - INFO - find_json_value: base_h into json/input_values.json is 2.0
2024-06-22 07:45:27,425 - tools - INFO - find_json_value: total_h into json/input_values.json is 4.0
2024-06-22 07:45:29,319 - tools - INFO - find_json_value: steps into json/input_values.json is 1000.0
2024-06-22 07:45:29,320 - tools - INFO - find_json_value: anglr_ into json/input_values.json is 40.0
2024-06-22 07:45:29,320 - tools - INFO - find_json_value: base_h into json/input_values.json is 2.0
2024-06-22 07:45:29,321 - tools - INFO - find_json_value: total_h into json/input_values.json is 4.0
2024-06-22 07:45:29,321 - tools - INFO - find_json_value: selected_file into json/input_values.json is None
2024-06-22 07:45:29,342 - __main__ - INFO - show_selected_item==Generate_X_Rotate
2024-06-22 07:45:29,343 - tools - INFO - find_json_value: anglr_ into json/input_values.json is 40.0
2024-06-22 08:06:59,179 - tools - INFO - find_json_value: reso into json/input_values.json is None
2024-06-22 08:06:59,180 - tools - INFO - find_json_value: anglr_ into json/input_values.json is 40.0
2024-06-22 08:06:59,180 - tools - INFO - find_json_value: steps into json/input_values.json is 1000.0
2024-06-22 08:06:59,181 - tools - INFO - find_json_value: coil_radius into json/input_values.json is None
2024-06-22 08:06:59,181 - tools - INFO - find_json_value: base_h into json/input_values.json is 2.0
2024-06-22 08:06:59,182 - tools - INFO - find_json_value: total_h into json/input_values.json is 4.0
2024-06-22 08:07:03,744 - tools - INFO - find_json_value: steps into json/input_values.json is 1000.0
2024-06-22 08:07:03,744 - tools - INFO - find_json_value: anglr_ into json/input_values.json is 40.0
2024-06-22 08:07:03,744 - tools - INFO - find_json_value: base_h into json/input_values.json is 2.0
2024-06-22 08:07:03,745 - tools - INFO - find_json_value: total_h into json/input_values.json is 4.0
2024-06-22 08:07:03,745 - tools - INFO - find_json_value: selected_file into json/input_values.json is None
2024-06-22 08:07:03,769 - tools - INFO - find_json_value: anglr_ into json/input_values.json is 40.0
2024-06-22 08:09:56,408 - tools - INFO - find_json_value: reso into json/input_values.json is None
2024-06-22 08:09:56,409 - tools - INFO - find_json_value: anglr_ into json/input_values.json is 40.0
2024-06-22 08:09:56,410 - tools - INFO - find_json_value: steps into json/input_values.json is 1000.0
2024-06-22 08:09:56,410 - tools - INFO - find_json_value: coil_radius into json/input_values.json is None
2024-06-22 08:09:56,411 - tools - INFO - find_json_value: base_h into json/input_values.json is 2.0
2024-06-22 08:09:56,411 - tools - INFO - find_json_value: total_h into json/input_values.json is 4.0
2024-06-22 08:09:57,925 - tools - INFO - find_json_value: steps into json/input_values.json is 1000.0
2024-06-22 08:09:57,925 - tools - INFO - find_json_value: anglr_ into json/input_values.json is 40.0
2024-06-22 08:09:57,926 - tools - INFO - find_json_value: base_h into json/input_values.json is 2.0
2024-06-22 08:09:57,926 - tools - INFO - find_json_value: total_h into json/input_values.json is 4.0
2024-06-22 08:09:57,927 - tools - INFO - find_json_value: selected_file into json/input_values.json is None
2024-06-22 08:09:57,965 - __main__ - INFO - show_selected_item==Generate_X_Rotate
2024-06-22 08:09:57,965 - tools - INFO - find_json_value: anglr_ into json/input_values.json is 40.0
2024-06-22 08:10:07,951 - tools - INFO - {'anglr_': 80.0, 'steps': 1000.0, 'base_h': 2.0, 'total_h': 4.0} is saved in json/input_values.json as JSON successfully.
2024-06-22 08:10:07,951 - tools - INFO - Key=anglr_,And Value=80 is updated into json/input_values.json
2024-06-22 08:10:09,380 - tools - INFO - find_json_value: steps into json/input_values.json is 1000.0
2024-06-22 08:10:09,381 - tools - INFO - find_json_value: anglr_ into json/input_values.json is 80.0
2024-06-22 08:10:09,381 - tools - INFO - find_json_value: base_h into json/input_values.json is 2.0
2024-06-22 08:10:09,381 - tools - INFO - find_json_value: total_h into json/input_values.json is 4.0
2024-06-22 08:10:09,382 - tools - INFO - find_json_value: selected_file into json/input_values.json is None
2024-06-22 08:10:09,400 - __main__ - INFO - show_selected_item==Generate_X_Rotate
2024-06-22 08:10:09,400 - tools - INFO - find_json_value: anglr_ into json/input_values.json is 80.0
2024-06-22 08:14:43,943 - tools - INFO - find_json_value: reso into json/input_values.json is None
2024-06-22 08:14:43,943 - tools - INFO - find_json_value: anglr_ into json/input_values.json is 80.0
2024-06-22 08:14:43,944 - tools - INFO - find_json_value: steps into json/input_values.json is 1000.0
2024-06-22 08:14:43,945 - tools - INFO - find_json_value: coil_radius into json/input_values.json is None
2024-06-22 08:14:43,945 - tools - INFO - find_json_value: base_h into json/input_values.json is 2.0
2024-06-22 08:14:43,946 - tools - INFO - find_json_value: total_h into json/input_values.json is 4.0
2024-06-22 08:14:46,563 - tools - INFO - find_json_value: steps into json/input_values.json is 1000.0
2024-06-22 08:14:46,563 - tools - INFO - find_json_value: anglr_ into json/input_values.json is 80.0
2024-06-22 08:14:46,564 - tools - INFO - find_json_value: base_h into json/input_values.json is 2.0
2024-06-22 08:14:46,564 - tools - INFO - find_json_value: total_h into json/input_values.json is 4.0
2024-06-22 08:14:46,564 - tools - INFO - find_json_value: selected_file into json/input_values.json is None
2024-06-22 08:14:46,584 - tools - INFO - find_json_value: anglr_ into json/input_values.json is 80.0
2024-06-22 08:14:54,248 - tools - INFO - {'anglr_': 8.0, 'steps': 1000.0, 'base_h': 2.0, 'total_h': 4.0} is saved in json/input_values.json as JSON successfully.
2024-06-22 08:14:54,248 - tools - INFO - Key=anglr_,And Value=8 is updated into json/input_values.json
2024-06-22 08:14:55,612 - tools - INFO - find_json_value: steps into json/input_values.json is 1000.0
2024-06-22 08:14:55,612 - tools - INFO - find_json_value: anglr_ into json/input_values.json is 8.0
2024-06-22 08:14:55,613 - tools - INFO - find_json_value: base_h into json/input_values.json is 2.0
2024-06-22 08:14:55,613 - tools - INFO - find_json_value: total_h into json/input_values.json is 4.0
2024-06-22 08:14:55,613 - tools - INFO - find_json_value: selected_file into json/input_values.json is None
2024-06-22 08:14:55,622 - tools - INFO - find_json_value: anglr_ into json/input_values.json is 8.0
2024-06-22 08:15:06,690 - tools - INFO - {'anglr_': 0.0, 'steps': 1000.0, 'base_h': 2.0, 'total_h': 4.0} is saved in json/input_values.json as JSON successfully.
2024-06-22 08:15:06,690 - tools - INFO - Key=anglr_,And Value=0 is updated into json/input_values.json
2024-06-22 08:15:08,501 - tools - INFO - find_json_value: steps into json/input_values.json is 1000.0
2024-06-22 08:15:08,501 - tools - INFO - find_json_value: anglr_ into json/input_values.json is 0.0
2024-06-22 08:15:08,501 - tools - INFO - find_json_value: base_h into json/input_values.json is 2.0
2024-06-22 08:15:08,502 - tools - INFO - find_json_value: total_h into json/input_values.json is 4.0
2024-06-22 08:15:08,502 - tools - INFO - find_json_value: selected_file into json/input_values.json is None
2024-06-22 08:15:08,523 - tools - INFO - find_json_value: anglr_ into json/input_values.json is 0.0
2024-06-22 08:15:40,881 - tools - INFO - find_json_value: reso into json/input_values.json is None
2024-06-22 08:15:40,882 - tools - INFO - find_json_value: anglr_ into json/input_values.json is 0.0
2024-06-22 08:15:40,882 - tools - INFO - find_json_value: steps into json/input_values.json is 1000.0
2024-06-22 08:15:40,883 - tools - INFO - find_json_value: coil_radius into json/input_values.json is None
2024-06-22 08:15:40,883 - tools - INFO - find_json_value: base_h into json/input_values.json is 2.0
2024-06-22 08:15:40,884 - tools - INFO - find_json_value: total_h into json/input_values.json is 4.0
2024-06-22 08:15:42,990 - tools - INFO - find_json_value: steps into json/input_values.json is 1000.0
2024-06-22 08:15:42,990 - tools - INFO - find_json_value: anglr_ into json/input_values.json is 0.0
2024-06-22 08:15:42,991 - tools - INFO - find_json_value: base_h into json/input_values.json is 2.0
2024-06-22 08:15:42,991 - tools - INFO - find_json_value: total_h into json/input_values.json is 4.0
2024-06-22 08:15:42,991 - tools - INFO - find_json_value: selected_file into json/input_values.json is None
2024-06-22 08:15:43,044 - tools - INFO - find_json_value: anglr_ into json/input_values.json is 0.0
2024-06-22 08:15:50,548 - tools - INFO - {'anglr_': 10.0, 'steps': 1000.0, 'base_h': 2.0, 'total_h': 4.0} is saved in json/input_values.json as JSON successfully.
2024-06-22 08:15:50,548 - tools - INFO - Key=anglr_,And Value=10.0 is updated into json/input_values.json
2024-06-22 08:15:51,979 - tools - INFO - find_json_value: steps into json/input_values.json is 1000.0
2024-06-22 08:15:51,979 - tools - INFO - find_json_value: anglr_ into json/input_values.json is 10.0
2024-06-22 08:15:51,979 - tools - INFO - find_json_value: base_h into json/input_values.json is 2.0
2024-06-22 08:15:51,979 - tools - INFO - find_json_value: total_h into json/input_values.json is 4.0
2024-06-22 08:15:51,980 - tools - INFO - find_json_value: selected_file into json/input_values.json is None
2024-06-22 08:15:52,005 - tools - INFO - find_json_value: anglr_ into json/input_values.json is 10.0
2024-06-22 08:18:15,648 - tools - INFO - find_json_value: reso into json/input_values.json is None
2024-06-22 08:18:15,649 - tools - INFO - find_json_value: anglr_ into json/input_values.json is 10.0
2024-06-22 08:18:15,649 - tools - INFO - find_json_value: steps into json/input_values.json is 1000.0
2024-06-22 08:18:15,650 - tools - INFO - find_json_value: coil_radius into json/input_values.json is None
2024-06-22 08:18:15,651 - tools - INFO - find_json_value: base_h into json/input_values.json is 2.0
2024-06-22 08:18:15,651 - tools - INFO - find_json_value: total_h into json/input_values.json is 4.0
2024-06-22 08:18:17,749 - tools - INFO - find_json_value: steps into json/input_values.json is 1000.0
2024-06-22 08:18:17,750 - tools - INFO - find_json_value: anglr_ into json/input_values.json is 10.0
2024-06-22 08:18:17,750 - tools - INFO - find_json_value: base_h into json/input_values.json is 2.0
2024-06-22 08:18:17,751 - tools - INFO - find_json_value: total_h into json/input_values.json is 4.0
2024-06-22 08:18:17,751 - tools - INFO - find_json_value: selected_file into json/input_values.json is None
2024-06-22 08:18:17,789 - __main__ - INFO - show_selected_item==Generate_X_Rotate
2024-06-22 08:18:17,789 - tools - INFO - find_json_value: anglr_ into json/input_values.json is 10.0
2024-06-22 08:18:28,271 - tools - INFO - find_json_value: steps into json/input_values.json is 1000.0
2024-06-22 08:18:28,273 - tools - INFO - find_json_value: anglr_ into json/input_values.json is 10.0
2024-06-22 08:18:28,273 - tools - INFO - find_json_value: base_h into json/input_values.json is 2.0
2024-06-22 08:18:28,274 - tools - INFO - find_json_value: total_h into json/input_values.json is 4.0
2024-06-22 08:18:28,274 - tools - INFO - find_json_value: selected_file into json/input_values.json is None
2024-06-22 08:18:28,315 - tools - INFO - find_json_value: anglr_ into json/input_values.json is 10.0
2024-06-22 08:27:12,221 - tools - INFO - find_json_value: reso into json/input_values.json is None
2024-06-22 08:27:12,221 - tools - INFO - find_json_value: anglr_ into json/input_values.json is 10.0
2024-06-22 08:27:12,222 - tools - INFO - find_json_value: steps into json/input_values.json is 1000.0
2024-06-22 08:27:12,223 - tools - INFO - find_json_value: coil_radius into json/input_values.json is None
2024-06-22 08:27:12,224 - tools - INFO - find_json_value: base_h into json/input_values.json is 2.0
2024-06-22 08:27:12,224 - tools - INFO - find_json_value: total_h into json/input_values.json is 4.0
2024-06-22 08:27:13,956 - tools - INFO - find_json_value: steps into json/input_values.json is 1000.0
2024-06-22 08:27:13,957 - tools - INFO - find_json_value: anglr_ into json/input_values.json is 10.0
2024-06-22 08:27:13,957 - tools - INFO - find_json_value: base_h into json/input_values.json is 2.0
2024-06-22 08:27:13,957 - tools - INFO - find_json_value: total_h into json/input_values.json is 4.0
2024-06-22 08:27:13,957 - tools - INFO - find_json_value: selected_file into json/input_values.json is None
2024-06-22 08:27:13,981 - __main__ - INFO - show_selected_item==Generate_X_Rotate
2024-06-22 08:27:13,982 - tools - INFO - find_json_value: anglr_ into json/input_values.json is 10.0
2024-06-22 08:31:35,769 - tools - INFO - find_json_value: reso into json/input_values.json is None
2024-06-22 08:31:35,770 - tools - INFO - find_json_value: anglr_ into json/input_values.json is 10.0
2024-06-22 08:31:35,771 - tools - INFO - find_json_value: steps into json/input_values.json is 1000.0
2024-06-22 08:31:35,772 - tools - INFO - find_json_value: coil_radius into json/input_values.json is None
2024-06-22 08:31:35,772 - tools - INFO - find_json_value: base_h into json/input_values.json is 2.0
2024-06-22 08:31:35,773 - tools - INFO - find_json_value: total_h into json/input_values.json is 4.0
2024-06-22 08:31:38,221 - tools - INFO - find_json_value: steps into json/input_values.json is 1000.0
2024-06-22 08:31:38,221 - tools - INFO - find_json_value: anglr_ into json/input_values.json is 10.0
2024-06-22 08:31:38,222 - tools - INFO - find_json_value: base_h into json/input_values.json is 2.0
2024-06-22 08:31:38,222 - tools - INFO - find_json_value: total_h into json/input_values.json is 4.0
2024-06-22 08:31:38,222 - tools - INFO - find_json_value: selected_file into json/input_values.json is None
2024-06-22 08:31:38,223 - tools - INFO - find_json_value: anglr_ into json/input_values.json is 10.0
2024-06-22 08:35:20,118 - tools - INFO - find_json_value: reso into json/input_values.json is None
2024-06-22 08:35:20,119 - tools - INFO - find_json_value: anglr_ into json/input_values.json is 10.0
2024-06-22 08:35:20,120 - tools - INFO - find_json_value: steps into json/input_values.json is 1000.0
2024-06-22 08:35:20,121 - tools - INFO - find_json_value: coil_radius into json/input_values.json is None
2024-06-22 08:35:20,121 - tools - INFO - find_json_value: base_h into json/input_values.json is 2.0
2024-06-22 08:35:20,122 - tools - INFO - find_json_value: total_h into json/input_values.json is 4.0
2024-06-22 08:35:22,210 - tools - INFO - find_json_value: steps into json/input_values.json is 1000.0
2024-06-22 08:35:22,211 - tools - INFO - find_json_value: anglr_ into json/input_values.json is 10.0
2024-06-22 08:35:22,211 - tools - INFO - find_json_value: base_h into json/input_values.json is 2.0
2024-06-22 08:35:22,211 - tools - INFO - find_json_value: total_h into json/input_values.json is 4.0
2024-06-22 08:35:22,212 - tools - INFO - find_json_value: selected_file into json/input_values.json is None
2024-06-22 08:35:22,212 - tools - INFO - find_json_value: anglr_ into json/input_values.json is 10.0
2024-06-22 08:40:04,334 - tools - INFO - find_json_value: reso into json/input_values.json is None
2024-06-22 08:40:04,335 - tools - INFO - find_json_value: anglr_ into json/input_values.json is 10.0
2024-06-22 08:40:04,337 - tools - INFO - find_json_value: steps into json/input_values.json is 1000.0
2024-06-22 08:40:04,337 - tools - INFO - find_json_value: coil_radius into json/input_values.json is None
2024-06-22 08:40:04,337 - tools - INFO - find_json_value: base_h into json/input_values.json is 2.0
2024-06-22 08:40:04,338 - tools - INFO - find_json_value: total_h into json/input_values.json is 4.0
2024-06-22 08:40:05,757 - tools - INFO - find_json_value: steps into json/input_values.json is 1000.0
2024-06-22 08:40:05,758 - tools - INFO - find_json_value: anglr_ into json/input_values.json is 10.0
2024-06-22 08:40:05,758 - tools - INFO - find_json_value: base_h into json/input_values.json is 2.0
2024-06-22 08:40:05,759 - tools - INFO - find_json_value: total_h into json/input_values.json is 4.0
2024-06-22 08:40:05,759 - tools - INFO - find_json_value: selected_file into json/input_values.json is None
2024-06-22 08:40:05,791 - __main__ - INFO - show_selected_item==Generate_X_Rotate
2024-06-22 08:40:05,791 - tools - INFO - find_json_value: anglr_ into json/input_values.json is 10.0
2024-06-22 08:40:09,605 - tools - INFO - find_json_value: steps into json/input_values.json is 1000.0
2024-06-22 08:40:09,605 - tools - INFO - find_json_value: anglr_ into json/input_values.json is 10.0
2024-06-22 08:40:09,606 - tools - INFO - find_json_value: base_h into json/input_values.json is 2.0
2024-06-22 08:40:09,606 - tools - INFO - find_json_value: total_h into json/input_values.json is 4.0
2024-06-22 08:40:09,606 - tools - INFO - find_json_value: selected_file into json/input_values.json is None
2024-06-22 08:40:09,648 - tools - INFO - find_json_value: anglr_ into json/input_values.json is 10.0
2024-06-22 08:40:13,937 - tools - INFO - find_json_value: steps into json/input_values.json is 1000.0
2024-06-22 08:40:13,937 - tools - INFO - find_json_value: anglr_ into json/input_values.json is 10.0
2024-06-22 08:40:13,938 - tools - INFO - find_json_value: base_h into json/input_values.json is 2.0
2024-06-22 08:40:13,938 - tools - INFO - find_json_value: total_h into json/input_values.json is 4.0
2024-06-22 08:40:13,938 - tools - INFO - find_json_value: selected_file into json/input_values.json is None
2024-06-22 08:40:13,973 - __main__ - INFO - show_selected_item==Generate_X_Rotate
2024-06-22 08:40:13,973 - tools - INFO - find_json_value: anglr_ into json/input_values.json is 10.0
2024-06-22 08:40:17,459 - tools - INFO - find_json_value: steps into json/input_values.json is 1000.0
2024-06-22 08:40:17,459 - tools - INFO - find_json_value: anglr_ into json/input_values.json is 10.0
2024-06-22 08:40:17,460 - tools - INFO - find_json_value: base_h into json/input_values.json is 2.0
2024-06-22 08:40:17,460 - tools - INFO - find_json_value: total_h into json/input_values.json is 4.0
2024-06-22 08:40:17,461 - tools - INFO - find_json_value: selected_file into json/input_values.json is None
2024-06-22 08:40:17,492 - tools - INFO - find_json_value: anglr_ into json/input_values.json is 10.0
2024-06-22 08:40:26,058 - tools - INFO - {'anglr_': 90.0, 'steps': 1000.0, 'base_h': 2.0, 'total_h': 4.0} is saved in json/input_values.json as JSON successfully.
2024-06-22 08:40:26,059 - tools - INFO - Key=anglr_,And Value=90.0 is updated into json/input_values.json
2024-06-22 08:40:27,425 - tools - INFO - find_json_value: steps into json/input_values.json is 1000.0
2024-06-22 08:40:27,425 - tools - INFO - find_json_value: anglr_ into json/input_values.json is 90.0
2024-06-22 08:40:27,425 - tools - INFO - find_json_value: base_h into json/input_values.json is 2.0
2024-06-22 08:40:27,426 - tools - INFO - find_json_value: total_h into json/input_values.json is 4.0
2024-06-22 08:40:27,426 - tools - INFO - find_json_value: selected_file into json/input_values.json is None
2024-06-22 08:40:27,449 - __main__ - INFO - show_selected_item==Generate_X_Rotate
2024-06-22 08:40:27,449 - tools - INFO - find_json_value: anglr_ into json/input_values.json is 90.0
2024-06-22 08:40:32,875 - tools - INFO - find_json_value: steps into json/input_values.json is 1000.0
2024-06-22 08:40:32,875 - tools - INFO - find_json_value: anglr_ into json/input_values.json is 90.0
2024-06-22 08:40:32,875 - tools - INFO - find_json_value: base_h into json/input_values.json is 2.0
2024-06-22 08:40:32,876 - tools - INFO - find_json_value: total_h into json/input_values.json is 4.0
2024-06-22 08:40:32,876 - tools - INFO - find_json_value: selected_file into json/input_values.json is None
2024-06-22 08:40:32,905 - tools - INFO - find_json_value: anglr_ into json/input_values.json is 90.0
2024-06-22 08:40:38,206 - tools - INFO - find_json_value: steps into json/input_values.json is 1000.0
2024-06-22 08:40:38,206 - tools - INFO - find_json_value: anglr_ into json/input_values.json is 90.0
2024-06-22 08:40:38,207 - tools - INFO - find_json_value: base_h into json/input_values.json is 2.0
2024-06-22 08:40:38,207 - tools - INFO - find_json_value: total_h into json/input_values.json is 4.0
2024-06-22 08:40:38,208 - tools - INFO - find_json_value: selected_file into json/input_values.json is None
2024-06-22 08:40:38,246 - tools - INFO - find_json_value: anglr_ into json/input_values.json is 90.0
2024-06-22 09:04:42,168 - tools - INFO - find_json_value: reso into json/input_values.json is None
2024-06-22 09:04:42,169 - tools - INFO - find_json_value: anglr_ into json/input_values.json is 90.0
2024-06-22 09:04:42,171 - tools - INFO - find_json_value: steps into json/input_values.json is 1000.0
2024-06-22 09:04:42,171 - tools - INFO - find_json_value: coil_radius into json/input_values.json is None
2024-06-22 09:04:42,171 - tools - INFO - find_json_value: base_h into json/input_values.json is 2.0
2024-06-22 09:04:42,172 - tools - INFO - find_json_value: total_h into json/input_values.json is 4.0
2024-06-22 09:38:05,320 - tools - INFO - find_json_value: reso into json/input_values.json is None
2024-06-22 09:38:05,321 - tools - INFO - find_json_value: anglr_ into json/input_values.json is 90.0
2024-06-22 09:38:05,321 - tools - INFO - find_json_value: steps into json/input_values.json is 1000.0
2024-06-22 09:38:05,322 - tools - INFO - find_json_value: coil_radius into json/input_values.json is None
2024-06-22 09:38:05,322 - tools - INFO - find_json_value: base_h into json/input_values.json is 2.0
2024-06-22 09:38:05,323 - tools - INFO - find_json_value: total_h into json/input_values.json is 4.0
2024-06-22 09:38:28,196 - tools - INFO - find_json_value: reso into json/input_values.json is None
2024-06-22 09:38:28,197 - tools - INFO - find_json_value: anglr_ into json/input_values.json is 90.0
2024-06-22 09:38:28,199 - tools - INFO - find_json_value: steps into json/input_values.json is 1000.0
2024-06-22 09:38:28,199 - tools - INFO - find_json_value: coil_radius into json/input_values.json is None
2024-06-22 09:38:28,200 - tools - INFO - find_json_value: base_h into json/input_values.json is 2.0
2024-06-22 09:38:28,200 - tools - INFO - find_json_value: total_h into json/input_values.json is 4.0
2024-06-22 09:38:33,566 - tools - INFO - find_json_value: steps into json/input_values.json is 1000.0
2024-06-22 09:38:33,566 - tools - INFO - find_json_value: anglr_ into json/input_values.json is 90.0
2024-06-22 09:38:33,567 - tools - INFO - find_json_value: base_h into json/input_values.json is 2.0
2024-06-22 09:38:33,567 - tools - INFO - find_json_value: total_h into json/input_values.json is 4.0
2024-06-22 09:38:33,567 - tools - INFO - find_json_value: selected_file into json/input_values.json is None
2024-06-22 09:38:33,596 - __main__ - INFO - show_selected_item==Generate_X_Rotate
2024-06-22 09:38:33,597 - tools - INFO - find_json_value: anglr_ into json/input_values.json is 90.0
2024-06-22 09:38:40,778 - tools - INFO - {'anglr_': 9.0, 'steps': 1000.0, 'base_h': 2.0, 'total_h': 4.0} is saved in json/input_values.json as JSON successfully.
2024-06-22 09:38:40,778 - tools - INFO - Key=anglr_,And Value=9.0 is updated into json/input_values.json
2024-06-22 09:38:42,424 - tools - INFO - find_json_value: steps into json/input_values.json is 1000.0
2024-06-22 09:38:42,424 - tools - INFO - find_json_value: anglr_ into json/input_values.json is 9.0
2024-06-22 09:38:42,424 - tools - INFO - find_json_value: base_h into json/input_values.json is 2.0
2024-06-22 09:38:42,425 - tools - INFO - find_json_value: total_h into json/input_values.json is 4.0
2024-06-22 09:38:42,425 - tools - INFO - find_json_value: selected_file into json/input_values.json is None
2024-06-22 09:38:42,449 - __main__ - INFO - show_selected_item==Generate_X_Rotate
2024-06-22 09:38:42,449 - tools - INFO - find_json_value: anglr_ into json/input_values.json is 9.0
2024-06-22 09:45:44,987 - tools - INFO - find_json_value: reso into json/input_values.json is None
2024-06-22 09:46:38,221 - tools - INFO - find_json_value: reso into json/input_values.json is None
2024-06-22 09:46:38,222 - tools - INFO - find_json_value: anglr_ into json/input_values.json is 9.0
2024-06-22 09:46:38,223 - tools - INFO - find_json_value: steps into json/input_values.json is 1000.0
2024-06-22 09:46:38,223 - tools - INFO - find_json_value: coil_radius into json/input_values.json is None
2024-06-22 09:46:38,224 - tools - INFO - find_json_value: base_h into json/input_values.json is 2.0
2024-06-22 09:46:38,224 - tools - INFO - find_json_value: total_h into json/input_values.json is 4.0
2024-06-22 09:48:58,240 - tools - INFO - find_json_value: reso into json/input_values.json is None
2024-06-22 09:48:58,241 - tools - INFO - find_json_value: anglr_ into json/input_values.json is 9.0
2024-06-22 09:48:58,241 - tools - INFO - find_json_value: steps into json/input_values.json is 1000.0
2024-06-22 09:48:58,241 - tools - INFO - find_json_value: coil_radius into json/input_values.json is None
2024-06-22 09:48:58,242 - tools - INFO - find_json_value: base_h into json/input_values.json is 2.0
2024-06-22 09:48:58,242 - tools - INFO - find_json_value: total_h into json/input_values.json is 4.0
2024-06-22 09:49:00,400 - tools - INFO - find_json_value: steps into json/input_values.json is 1000.0
2024-06-22 09:49:00,400 - tools - INFO - find_json_value: anglr_ into json/input_values.json is 9.0
2024-06-22 09:49:00,401 - tools - INFO - find_json_value: base_h into json/input_values.json is 2.0
2024-06-22 09:49:00,401 - tools - INFO - find_json_value: total_h into json/input_values.json is 4.0
2024-06-22 09:49:00,401 - tools - INFO - find_json_value: selected_file into json/input_values.json is None
2024-06-22 09:49:00,440 - __main__ - INFO - show_selected_item==Generate_X_Rotate
2024-06-22 09:49:00,441 - tools - INFO - find_json_value: anglr_ into json/input_values.json is 9.0
2024-06-22 09:49:47,808 - tools - INFO - find_json_value: reso into json/input_values.json is None
2024-06-22 09:49:47,809 - tools - INFO - find_json_value: anglr_ into json/input_values.json is 9.0
2024-06-22 09:49:47,810 - tools - INFO - find_json_value: steps into json/input_values.json is 1000.0
2024-06-22 09:49:47,810 - tools - INFO - find_json_value: coil_radius into json/input_values.json is None
2024-06-22 09:49:47,811 - tools - INFO - find_json_value: base_h into json/input_values.json is 2.0
2024-06-22 09:49:47,811 - tools - INFO - find_json_value: total_h into json/input_values.json is 4.0
2024-06-22 09:49:49,810 - tools - INFO - find_json_value: steps into json/input_values.json is 1000.0
2024-06-22 09:49:49,811 - tools - INFO - find_json_value: anglr_ into json/input_values.json is 9.0
2024-06-22 09:49:49,811 - tools - INFO - find_json_value: base_h into json/input_values.json is 2.0
2024-06-22 09:49:49,812 - tools - INFO - find_json_value: total_h into json/input_values.json is 4.0
2024-06-22 09:49:49,812 - tools - INFO - find_json_value: selected_file into json/input_values.json is None
2024-06-22 09:49:49,861 - tools - INFO - find_json_value: anglr_ into json/input_values.json is 9.0
2024-06-22 09:50:03,217 - tools - INFO - find_json_value: steps into json/input_values.json is 1000.0
2024-06-22 09:50:03,217 - tools - INFO - find_json_value: anglr_ into json/input_values.json is 9.0
2024-06-22 09:50:03,217 - tools - INFO - find_json_value: base_h into json/input_values.json is 2.0
2024-06-22 09:50:03,218 - tools - INFO - find_json_value: total_h into json/input_values.json is 4.0
2024-06-22 09:50:03,218 - tools - INFO - find_json_value: selected_file into json/input_values.json is None
2024-06-22 09:50:03,268 - tools - INFO - find_json_value: anglr_ into json/input_values.json is 9.0
2024-06-22 09:50:20,083 - tools - INFO - find_json_value: steps into json/input_values.json is 1000.0
2024-06-22 09:50:20,083 - tools - INFO - find_json_value: anglr_ into json/input_values.json is 9.0
2024-06-22 09:50:20,084 - tools - INFO - find_json_value: base_h into json/input_values.json is 2.0
2024-06-22 09:50:20,084 - tools - INFO - find_json_value: total_h into json/input_values.json is 4.0
2024-06-22 09:50:20,084 - tools - INFO - find_json_value: selected_file into json/input_values.json is None
2024-06-22 09:50:20,127 - tools - INFO - find_json_value: anglr_ into json/input_values.json is 9.0
2024-06-22 09:53:07,915 - tools - INFO - find_json_value: reso into json/input_values.json is None
2024-06-22 09:53:07,917 - tools - INFO - find_json_value: anglr_ into json/input_values.json is 9.0
2024-06-22 09:53:07,918 - tools - INFO - find_json_value: steps into json/input_values.json is 1000.0
2024-06-22 09:53:07,919 - tools - INFO - find_json_value: coil_radius into json/input_values.json is None
2024-06-22 09:53:07,921 - tools - INFO - find_json_value: base_h into json/input_values.json is 2.0
2024-06-22 09:53:07,922 - tools - INFO - find_json_value: total_h into json/input_values.json is 4.0
2024-06-22 09:53:12,145 - tools - INFO - find_json_value: steps into json/input_values.json is 1000.0
2024-06-22 09:53:12,146 - tools - INFO - find_json_value: anglr_ into json/input_values.json is 9.0
2024-06-22 09:53:12,146 - tools - INFO - find_json_value: base_h into json/input_values.json is 2.0
2024-06-22 09:53:12,146 - tools - INFO - find_json_value: total_h into json/input_values.json is 4.0
2024-06-22 09:53:12,147 - tools - INFO - find_json_value: selected_file into json/input_values.json is None
2024-06-22 09:53:12,184 - tools - INFO - find_json_value: anglr_ into json/input_values.json is 9.0
2024-06-22 09:54:37,356 - tools - INFO - find_json_value: reso into json/input_values.json is None
2024-06-22 09:54:37,357 - tools - INFO - find_json_value: anglr_ into json/input_values.json is 9.0
2024-06-22 09:54:37,358 - tools - INFO - find_json_value: steps into json/input_values.json is 1000.0
2024-06-22 09:54:37,358 - tools - INFO - find_json_value: coil_radius into json/input_values.json is None
2024-06-22 09:54:37,359 - tools - INFO - find_json_value: base_h into json/input_values.json is 2.0
2024-06-22 09:54:37,359 - tools - INFO - find_json_value: total_h into json/input_values.json is 4.0
2024-06-22 09:54:39,649 - tools - INFO - find_json_value: steps into json/input_values.json is 1000.0
2024-06-22 09:54:39,649 - tools - INFO - find_json_value: anglr_ into json/input_values.json is 9.0
2024-06-22 09:54:39,650 - tools - INFO - find_json_value: base_h into json/input_values.json is 2.0
2024-06-22 09:54:39,650 - tools - INFO - find_json_value: total_h into json/input_values.json is 4.0
2024-06-22 09:54:39,650 - tools - INFO - find_json_value: selected_file into json/input_values.json is None
2024-06-22 09:54:39,684 - tools - INFO - find_json_value: anglr_ into json/input_values.json is 9.0
2024-06-22 09:55:17,385 - tools - INFO - find_json_value: reso into json/input_values.json is None
2024-06-22 09:55:17,386 - tools - INFO - find_json_value: anglr_ into json/input_values.json is 9.0
2024-06-22 09:55:17,387 - tools - INFO - find_json_value: steps into json/input_values.json is 1000.0
2024-06-22 09:55:17,388 - tools - INFO - find_json_value: coil_radius into json/input_values.json is None
2024-06-22 09:55:17,388 - tools - INFO - find_json_value: base_h into json/input_values.json is 2.0
2024-06-22 09:55:17,389 - tools - INFO - find_json_value: total_h into json/input_values.json is 4.0
2024-06-22 09:55:19,476 - tools - INFO - find_json_value: steps into json/input_values.json is 1000.0
2024-06-22 09:55:19,476 - tools - INFO - find_json_value: anglr_ into json/input_values.json is 9.0
2024-06-22 09:55:19,476 - tools - INFO - find_json_value: base_h into json/input_values.json is 2.0
2024-06-22 09:55:19,477 - tools - INFO - find_json_value: total_h into json/input_values.json is 4.0
2024-06-22 09:55:19,477 - tools - INFO - find_json_value: selected_file into json/input_values.json is None
2024-06-22 09:55:19,526 - tools - INFO - find_json_value: anglr_ into json/input_values.json is 9.0
2024-06-22 09:58:32,327 - tools - INFO - find_json_value: reso into json/input_values.json is None
2024-06-22 09:58:32,328 - tools - INFO - find_json_value: anglr_ into json/input_values.json is 9.0
2024-06-22 09:58:32,329 - tools - INFO - find_json_value: steps into json/input_values.json is 1000.0
2024-06-22 09:58:32,330 - tools - INFO - find_json_value: coil_radius into json/input_values.json is None
2024-06-22 09:58:32,330 - tools - INFO - find_json_value: base_h into json/input_values.json is 2.0
2024-06-22 09:58:32,331 - tools - INFO - find_json_value: total_h into json/input_values.json is 4.0
2024-06-22 09:58:34,563 - tools - INFO - find_json_value: base_h into json/input_values.json is 2.0
2024-06-22 09:58:34,565 - tools - INFO - find_json_value: total_h into json/input_values.json is 4.0
2024-06-22 09:58:34,565 - tools - INFO - find_json_value: selected_file into json/input_values.json is None
2024-06-22 10:00:34,239 - tools - INFO - find_json_value: reso into json/input_values.json is None
2024-06-22 10:00:34,240 - tools - INFO - find_json_value: anglr_ into json/input_values.json is 9.0
2024-06-22 10:00:34,240 - tools - INFO - find_json_value: steps into json/input_values.json is 1000.0
2024-06-22 10:00:34,241 - tools - INFO - find_json_value: coil_radius into json/input_values.json is None
2024-06-22 10:00:34,242 - tools - INFO - find_json_value: base_h into json/input_values.json is 2.0
2024-06-22 10:00:34,242 - tools - INFO - find_json_value: total_h into json/input_values.json is 4.0
2024-06-22 10:00:36,657 - tools - INFO - find_json_value: base_h into json/input_values.json is 2.0
2024-06-22 10:00:36,658 - tools - INFO - find_json_value: total_h into json/input_values.json is 4.0
2024-06-22 10:00:36,658 - tools - INFO - find_json_value: selected_file into json/input_values.json is None
2024-06-22 10:00:41,449 - tools - INFO - find_json_value: base_h into json/input_values.json is 2.0
2024-06-22 10:00:41,449 - tools - INFO - find_json_value: total_h into json/input_values.json is 4.0
2024-06-22 10:00:41,450 - tools - INFO - find_json_value: selected_file into json/input_values.json is None
2024-06-22 10:00:43,035 - tools - INFO - find_json_value: base_h into json/input_values.json is 2.0
2024-06-22 10:00:43,035 - tools - INFO - find_json_value: total_h into json/input_values.json is 4.0
2024-06-22 10:00:43,036 - tools - INFO - find_json_value: selected_file into json/input_values.json is None
2024-06-22 10:00:43,036 - spiral - ERROR - xy rotarw
2024-06-22 10:00:43,037 - tools - ERROR - savi
2024-06-22 10:00:43,038 - tools - INFO - find_json_value: anglr_ into json/input_values.json is 9.0
2024-06-22 10:00:54,897 - tools - INFO - find_json_value: base_h into json/input_values.json is 2.0
2024-06-22 10:00:54,897 - tools - INFO - find_json_value: total_h into json/input_values.json is 4.0
2024-06-22 10:00:54,898 - tools - INFO - find_json_value: selected_file into json/input_values.json is None
2024-06-22 10:03:08,918 - tools - INFO - find_json_value: reso into json/input_values.json is None
2024-06-22 10:03:08,919 - tools - INFO - find_json_value: anglr_ into json/input_values.json is 9.0
2024-06-22 10:03:08,920 - tools - INFO - find_json_value: steps into json/input_values.json is 1000.0
2024-06-22 10:03:08,920 - tools - INFO - find_json_value: coil_radius into json/input_values.json is None
2024-06-22 10:03:08,921 - tools - INFO - find_json_value: base_h into json/input_values.json is 2.0
2024-06-22 10:03:08,921 - tools - INFO - find_json_value: total_h into json/input_values.json is 4.0
2024-06-22 10:03:10,531 - tools - INFO - find_json_value: base_h into json/input_values.json is 2.0
2024-06-22 10:03:10,531 - tools - INFO - find_json_value: total_h into json/input_values.json is 4.0
2024-06-22 10:03:10,531 - tools - INFO - find_json_value: selected_file into json/input_values.json is None
2024-06-22 10:03:10,555 - __main__ - INFO - show_selected_item==Generate_X_Rotate
2024-06-22 10:03:10,555 - tools - INFO - find_json_value: anglr_ into json/input_values.json is 9.0
2024-06-22 10:03:14,155 - tools - INFO - find_json_value: base_h into json/input_values.json is 2.0
2024-06-22 10:03:14,157 - tools - INFO - find_json_value: total_h into json/input_values.json is 4.0
2024-06-22 10:03:14,157 - tools - INFO - find_json_value: selected_file into json/input_values.json is None
2024-06-22 10:03:14,186 - __main__ - INFO - show_selected_item==Generate_X_Rotate
2024-06-22 10:03:14,186 - tools - INFO - find_json_value: anglr_ into json/input_values.json is 9.0
2024-06-22 10:03:17,548 - tools - INFO - find_json_value: base_h into json/input_values.json is 2.0
2024-06-22 10:03:17,548 - tools - INFO - find_json_value: total_h into json/input_values.json is 4.0
2024-06-22 10:03:17,549 - tools - INFO - find_json_value: selected_file into json/input_values.json is None
2024-06-22 10:03:17,581 - tools - INFO - find_json_value: anglr_ into json/input_values.json is 9.0
2024-06-22 10:07:12,969 - tools - INFO - find_json_value: reso into json/input_values.json is None
2024-06-22 10:07:12,970 - tools - INFO - find_json_value: anglr_ into json/input_values.json is 9.0
2024-06-22 10:07:12,970 - tools - INFO - find_json_value: steps into json/input_values.json is 1000.0
2024-06-22 10:07:12,971 - tools - INFO - find_json_value: coil_radius into json/input_values.json is None
2024-06-22 10:07:12,971 - tools - INFO - find_json_value: base_h into json/input_values.json is 2.0
2024-06-22 10:07:12,972 - tools - INFO - find_json_value: total_h into json/input_values.json is 4.0
2024-06-22 10:07:14,854 - tools - INFO - find_json_value: base_h into json/input_values.json is 2.0
2024-06-22 10:07:14,854 - tools - INFO - find_json_value: total_h into json/input_values.json is 4.0
2024-06-22 10:07:14,854 - tools - INFO - find_json_value: selected_file into json/input_values.json is None
2024-06-22 10:07:14,875 - __main__ - INFO - show_selected_item==Generate_X_Rotate
2024-06-22 10:07:14,875 - tools - INFO - find_json_value: anglr_ into json/input_values.json is 9.0
2024-06-22 10:10:03,456 - tools - INFO - find_json_value: reso into json/input_values.json is None
2024-06-22 10:10:03,457 - tools - INFO - find_json_value: anglr_ into json/input_values.json is 9.0
2024-06-22 10:10:03,458 - tools - INFO - find_json_value: steps into json/input_values.json is 1000.0
2024-06-22 10:10:03,458 - tools - INFO - find_json_value: coil_radius into json/input_values.json is None
2024-06-22 10:10:03,458 - tools - INFO - find_json_value: base_h into json/input_values.json is 2.0
2024-06-22 10:10:03,459 - tools - INFO - find_json_value: total_h into json/input_values.json is 4.0
2024-06-22 10:10:11,914 - tools - INFO - find_json_value: base_h into json/input_values.json is 2.0
2024-06-22 10:10:11,914 - tools - INFO - find_json_value: total_h into json/input_values.json is 4.0
2024-06-22 10:10:11,915 - tools - INFO - find_json_value: selected_file into json/input_values.json is None
2024-06-22 10:10:11,958 - __main__ - INFO - show_selected_item==Generate_X_Rotate
2024-06-22 10:10:11,958 - tools - INFO - find_json_value: anglr_ into json/input_values.json is 9.0
