2024-07-07 07:24:54,379 - tools - INFO - find_json_value: reso into json/input_values.json is None
2024-07-07 07:24:54,387 - tools - INFO - find_json_value: anglr_ into json/input_values.json is 50.0
2024-07-07 07:24:54,394 - tools - INFO - find_json_value: steps into json/input_values.json is 500.0
2024-07-07 07:24:54,401 - tools - INFO - find_json_value: coil_radius into json/input_values.json is None
2024-07-07 07:24:54,408 - tools - INFO - find_json_value: base_h into json/input_values.json is 2.0
2024-07-07 07:24:54,414 - tools - INFO - find_json_value: total_h into json/input_values.json is 4.0
2024-07-07 07:24:57,134 - tools - INFO - find_json_value: selected_file into json/input_values.json is None
2024-07-07 07:24:57,135 - tools - INFO - {'anglr_': 50.0, 'steps': 500.0, 'base_h': 2.0, 'total_h': 4.0} is saved in json/input_values.json as JSON successfully.
2024-07-07 07:24:57,135 - tools - INFO - Key=steps,And Value=500.0 is updated into json/input_values.json
2024-07-07 07:24:57,138 - tools - INFO - {'anglr_': 50.0, 'steps': 500.0, 'base_h': 2.0, 'total_h': 4.0} is saved in json/input_values.json as JSON successfully.
2024-07-07 07:24:57,138 - tools - INFO - Key=anglr_,And Value=50.0 is updated into json/input_values.json
2024-07-07 07:24:57,140 - tools - INFO - {'anglr_': 50.0, 'steps': 500.0, 'base_h': 2.0, 'total_h': 4.0} is saved in json/input_values.json as JSON successfully.
2024-07-07 07:24:57,141 - tools - INFO - Key=base_h,And Value=2.0 is updated into json/input_values.json
2024-07-07 07:24:57,143 - tools - INFO - {'anglr_': 50.0, 'steps': 500.0, 'base_h': 2.0, 'total_h': 4.0} is saved in json/input_values.json as JSON successfully.
2024-07-07 07:24:57,143 - tools - INFO - Key=total_h,And Value=4.0 is updated into json/input_values.json
2024-07-07 07:24:57,165 - tools - INFO - find_json_value: anglr_ into json/input_values.json is 50.0
2024-07-07 07:31:48,978 - tools - INFO - find_json_value: reso into json/input_values.json is None
2024-07-07 07:31:48,982 - tools - INFO - find_json_value: anglr_ into json/input_values.json is 50.0
2024-07-07 07:31:48,986 - tools - INFO - find_json_value: steps into json/input_values.json is 500.0
2024-07-07 07:31:48,990 - tools - INFO - find_json_value: coil_radius into json/input_values.json is None
2024-07-07 07:31:48,993 - tools - INFO - find_json_value: base_h into json/input_values.json is 2.0
2024-07-07 07:31:48,997 - tools - INFO - find_json_value: total_h into json/input_values.json is 4.0
2024-07-07 07:31:50,905 - tools - INFO - find_json_value: selected_file into json/input_values.json is None
2024-07-07 07:31:50,907 - tools - INFO - {'anglr_': 50.0, 'steps': 500.0, 'base_h': 2.0, 'total_h': 4.0} is saved in json/input_values.json as JSON successfully.
2024-07-07 07:31:50,908 - tools - INFO - Key=steps,And Value=500.0 is updated into json/input_values.json
2024-07-07 07:31:50,912 - tools - INFO - {'anglr_': 50.0, 'steps': 500.0, 'base_h': 2.0, 'total_h': 4.0} is saved in json/input_values.json as JSON successfully.
2024-07-07 07:31:50,912 - tools - INFO - Key=anglr_,And Value=50.0 is updated into json/input_values.json
2024-07-07 07:31:50,917 - tools - INFO - {'anglr_': 50.0, 'steps': 500.0, 'base_h': 2.0, 'total_h': 4.0} is saved in json/input_values.json as JSON successfully.
2024-07-07 07:31:50,917 - tools - INFO - Key=base_h,And Value=2.0 is updated into json/input_values.json
2024-07-07 07:31:50,921 - tools - INFO - {'anglr_': 50.0, 'steps': 500.0, 'base_h': 2.0, 'total_h': 4.0} is saved in json/input_values.json as JSON successfully.
2024-07-07 07:31:50,921 - tools - INFO - Key=total_h,And Value=4.0 is updated into json/input_values.json
2024-07-07 07:31:50,948 - tools - INFO - find_json_value: anglr_ into json/input_values.json is 50.0
2024-07-07 07:42:29,373 - tools - INFO - find_json_value: reso into json/input_values.json is None
2024-07-07 07:42:29,378 - tools - INFO - find_json_value: anglr_ into json/input_values.json is 50.0
2024-07-07 07:42:29,382 - tools - INFO - find_json_value: steps into json/input_values.json is 500.0
2024-07-07 07:42:29,389 - tools - INFO - find_json_value: coil_radius into json/input_values.json is None
2024-07-07 07:42:29,392 - tools - INFO - find_json_value: base_h into json/input_values.json is 2.0
2024-07-07 07:42:29,396 - tools - INFO - find_json_value: total_h into json/input_values.json is 4.0
2024-07-07 07:42:33,986 - tools - INFO - find_json_value: selected_file into json/input_values.json is None
2024-07-07 07:42:46,687 - tools - INFO - {'anglr_': 50.0, 'steps': 500.0, 'base_h': 2.0, 'total_h': 4.0, 'selected_file': 'C:/Users/nares/Desktop/allout/240613/240607_104411.csv'} is saved in json/input_values.json as JSON successfully.
2024-07-07 07:42:46,687 - tools - INFO - Key=selected_file,And Value=C:/Users/nares/Desktop/allout/240613/240607_104411.csv is updated into json/input_values.json
2024-07-07 07:42:49,799 - tools - INFO - find_json_value: selected_file into json/input_values.json is C:/Users/nares/Desktop/allout/240613/240607_104411.csv
2024-07-07 07:42:51,691 - tools - INFO - find_json_value: selected_file into json/input_values.json is C:/Users/nares/Desktop/allout/240613/240607_104411.csv
2024-07-07 07:45:12,205 - tools - INFO - find_json_value: reso into json/input_values.json is None
2024-07-07 07:45:12,209 - tools - INFO - find_json_value: anglr_ into json/input_values.json is 50.0
2024-07-07 07:45:12,213 - tools - INFO - find_json_value: steps into json/input_values.json is 500.0
2024-07-07 07:45:12,217 - tools - INFO - find_json_value: coil_radius into json/input_values.json is None
2024-07-07 07:45:12,223 - tools - INFO - find_json_value: base_h into json/input_values.json is 2.0
2024-07-07 07:45:12,227 - tools - INFO - find_json_value: total_h into json/input_values.json is 4.0
2024-07-07 07:45:14,745 - tools - INFO - find_json_value: selected_file into json/input_values.json is C:/Users/nares/Desktop/allout/240613/240607_104411.csv
2024-07-07 07:46:04,177 - tools - INFO - find_json_value: selected_file into json/input_values.json is C:/Users/nares/Desktop/allout/240613/240607_104411.csv
2024-07-07 07:46:09,873 - tools - INFO - find_json_value: selected_file into json/input_values.json is C:/Users/nares/Desktop/allout/240613/240607_104411.csv
2024-07-07 07:46:20,710 - tools - INFO - find_json_value: selected_file into json/input_values.json is C:/Users/nares/Desktop/allout/240613/240607_104411.csv
2024-07-07 07:46:20,710 - tools - INFO - find_json_value: selected_file into json/input_values.json is C:/Users/nares/Desktop/allout/240613/240607_104411.csv
2024-07-07 07:56:50,318 - tools - INFO - find_json_value: reso into json/input_values.json is None
2024-07-07 07:56:50,322 - tools - INFO - find_json_value: anglr_ into json/input_values.json is 50.0
2024-07-07 07:56:50,327 - tools - INFO - find_json_value: steps into json/input_values.json is 500.0
2024-07-07 07:56:50,330 - tools - INFO - find_json_value: coil_radius into json/input_values.json is None
2024-07-07 07:56:50,334 - tools - INFO - find_json_value: base_h into json/input_values.json is 2.0
2024-07-07 07:56:50,338 - tools - INFO - find_json_value: total_h into json/input_values.json is 4.0
2024-07-07 07:56:52,229 - tools - INFO - find_json_value: selected_file into json/input_values.json is C:/Users/nares/Desktop/allout/240613/240607_104411.csv
2024-07-07 07:56:52,229 - tools - INFO - find_json_value: selected_file into json/input_values.json is C:/Users/nares/Desktop/allout/240613/240607_104411.csv
2024-07-07 07:56:56,555 - tools - INFO - find_json_value: selected_file into json/input_values.json is C:/Users/nares/Desktop/allout/240613/240607_104411.csv
2024-07-07 07:56:58,459 - tools - INFO - find_json_value: selected_file into json/input_values.json is C:/Users/nares/Desktop/allout/240613/240607_104411.csv
2024-07-07 08:09:01,764 - tools - INFO - find_json_value: reso into json/input_values.json is None
2024-07-07 08:09:01,769 - tools - INFO - find_json_value: anglr_ into json/input_values.json is 50.0
2024-07-07 08:09:01,773 - tools - INFO - find_json_value: steps into json/input_values.json is 500.0
2024-07-07 08:09:01,777 - tools - INFO - find_json_value: coil_radius into json/input_values.json is None
2024-07-07 08:09:01,781 - tools - INFO - find_json_value: base_h into json/input_values.json is 2.0
2024-07-07 08:09:01,786 - tools - INFO - find_json_value: total_h into json/input_values.json is 4.0
2024-07-07 08:09:03,940 - tools - INFO - find_json_value: selected_file into json/input_values.json is C:/Users/nares/Desktop/allout/240613/240607_104411.csv
2024-07-07 08:09:03,940 - tools - INFO - find_json_value: selected_file into json/input_values.json is C:/Users/nares/Desktop/allout/240613/240607_104411.csv
2024-07-07 08:10:07,114 - tools - INFO - find_json_value: reso into json/input_values.json is None
2024-07-07 08:10:07,119 - tools - INFO - find_json_value: anglr_ into json/input_values.json is 50.0
2024-07-07 08:10:07,122 - tools - INFO - find_json_value: steps into json/input_values.json is 500.0
2024-07-07 08:10:07,126 - tools - INFO - find_json_value: coil_radius into json/input_values.json is None
2024-07-07 08:10:07,132 - tools - INFO - find_json_value: base_h into json/input_values.json is 2.0
2024-07-07 08:10:07,137 - tools - INFO - find_json_value: total_h into json/input_values.json is 4.0
2024-07-07 08:10:08,783 - tools - INFO - find_json_value: selected_file into json/input_values.json is C:/Users/nares/Desktop/allout/240613/240607_104411.csv
2024-07-07 08:10:08,784 - tools - INFO - find_json_value: selected_file into json/input_values.json is C:/Users/nares/Desktop/allout/240613/240607_104411.csv
2024-07-07 08:10:41,120 - tools - INFO - find_json_value: reso into json/input_values.json is None
2024-07-07 08:10:41,125 - tools - INFO - find_json_value: anglr_ into json/input_values.json is 50.0
2024-07-07 08:10:41,129 - tools - INFO - find_json_value: steps into json/input_values.json is 500.0
2024-07-07 08:10:41,133 - tools - INFO - find_json_value: coil_radius into json/input_values.json is None
2024-07-07 08:10:41,138 - tools - INFO - find_json_value: base_h into json/input_values.json is 2.0
2024-07-07 08:10:41,142 - tools - INFO - find_json_value: total_h into json/input_values.json is 4.0
2024-07-07 08:10:42,695 - tools - INFO - find_json_value: selected_file into json/input_values.json is C:/Users/nares/Desktop/allout/240613/240607_104411.csv
2024-07-07 08:10:42,695 - tools - INFO - find_json_value: selected_file into json/input_values.json is C:/Users/nares/Desktop/allout/240613/240607_104411.csv
2024-07-07 08:13:15,159 - tools - INFO - find_json_value: reso into json/input_values.json is None
2024-07-07 08:13:15,163 - tools - INFO - find_json_value: anglr_ into json/input_values.json is 50.0
2024-07-07 08:13:15,168 - tools - INFO - find_json_value: steps into json/input_values.json is 500.0
2024-07-07 08:13:15,172 - tools - INFO - find_json_value: coil_radius into json/input_values.json is None
2024-07-07 08:13:15,175 - tools - INFO - find_json_value: base_h into json/input_values.json is 2.0
2024-07-07 08:13:15,179 - tools - INFO - find_json_value: total_h into json/input_values.json is 4.0
2024-07-07 08:13:17,008 - tools - INFO - find_json_value: selected_file into json/input_values.json is C:/Users/nares/Desktop/allout/240613/240607_104411.csv
2024-07-07 08:13:17,009 - tools - INFO - find_json_value: selected_file into json/input_values.json is C:/Users/nares/Desktop/allout/240613/240607_104411.csv
2024-07-07 08:16:13,580 - tools - INFO - find_json_value: reso into json/input_values.json is None
2024-07-07 08:16:13,584 - tools - INFO - find_json_value: anglr_ into json/input_values.json is 50.0
2024-07-07 08:16:13,588 - tools - INFO - find_json_value: steps into json/input_values.json is 500.0
2024-07-07 08:16:13,592 - tools - INFO - find_json_value: coil_radius into json/input_values.json is None
2024-07-07 08:16:13,595 - tools - INFO - find_json_value: base_h into json/input_values.json is 2.0
2024-07-07 08:16:13,600 - tools - INFO - find_json_value: total_h into json/input_values.json is 4.0
2024-07-07 08:16:15,028 - tools - INFO - find_json_value: selected_file into json/input_values.json is C:/Users/nares/Desktop/allout/240613/240607_104411.csv
2024-07-07 08:16:15,028 - tools - INFO - find_json_value: selected_file into json/input_values.json is C:/Users/nares/Desktop/allout/240613/240607_104411.csv
2024-07-07 08:22:28,248 - tools - INFO - find_json_value: reso into json/input_values.json is None
2024-07-07 08:22:28,252 - tools - INFO - find_json_value: anglr_ into json/input_values.json is 50.0
2024-07-07 08:22:28,257 - tools - INFO - find_json_value: steps into json/input_values.json is 500.0
2024-07-07 08:22:28,262 - tools - INFO - find_json_value: coil_radius into json/input_values.json is None
2024-07-07 08:22:28,267 - tools - INFO - find_json_value: base_h into json/input_values.json is 2.0
2024-07-07 08:22:28,271 - tools - INFO - find_json_value: total_h into json/input_values.json is 4.0
2024-07-07 08:22:29,823 - tools - INFO - find_json_value: selected_file into json/input_values.json is C:/Users/nares/Desktop/allout/240613/240607_104411.csv
2024-07-07 08:22:29,824 - tools - INFO - find_json_value: selected_file into json/input_values.json is C:/Users/nares/Desktop/allout/240613/240607_104411.csv
2024-07-07 08:22:33,729 - tools - INFO - find_json_value: selected_file into json/input_values.json is C:/Users/nares/Desktop/allout/240613/240607_104411.csv
2024-07-07 08:22:38,853 - tools - INFO - find_json_value: selected_file into json/input_values.json is C:/Users/nares/Desktop/allout/240613/240607_104411.csv
2024-07-07 08:22:42,895 - tools - INFO - find_json_value: selected_file into json/input_values.json is C:/Users/nares/Desktop/allout/240613/240607_104411.csv
2024-07-07 08:22:50,443 - tools - INFO - find_json_value: selected_file into json/input_values.json is C:/Users/nares/Desktop/allout/240613/240607_104411.csv
2024-07-07 08:23:07,495 - tools - INFO - find_json_value: selected_file into json/input_values.json is C:/Users/nares/Desktop/allout/240613/240607_104411.csv
2024-07-07 08:23:14,207 - tools - INFO - find_json_value: selected_file into json/input_values.json is C:/Users/nares/Desktop/allout/240613/240607_104411.csv
2024-07-07 08:23:19,439 - tools - INFO - find_json_value: selected_file into json/input_values.json is C:/Users/nares/Desktop/allout/240613/240607_104411.csv
2024-07-07 08:23:19,439 - tools - INFO - find_json_value: selected_file into json/input_values.json is C:/Users/nares/Desktop/allout/240613/240607_104411.csv
2024-07-07 08:23:24,290 - tools - INFO - find_json_value: selected_file into json/input_values.json is C:/Users/nares/Desktop/allout/240613/240607_104411.csv
2024-07-07 08:23:43,281 - tools - INFO - find_json_value: selected_file into json/input_values.json is C:/Users/nares/Desktop/allout/240613/240607_104411.csv
2024-07-07 08:23:43,282 - tools - INFO - find_json_value: selected_file into json/input_values.json is C:/Users/nares/Desktop/allout/240613/240607_104411.csv
2024-07-07 08:23:54,309 - tools - INFO - find_json_value: selected_file into json/input_values.json is C:/Users/nares/Desktop/allout/240613/240607_104411.csv
2024-07-07 08:24:51,416 - tools - INFO - find_json_value: reso into json/input_values.json is None
2024-07-07 08:24:51,421 - tools - INFO - find_json_value: anglr_ into json/input_values.json is 50.0
2024-07-07 08:24:51,425 - tools - INFO - find_json_value: steps into json/input_values.json is 500.0
2024-07-07 08:24:51,430 - tools - INFO - find_json_value: coil_radius into json/input_values.json is None
2024-07-07 08:24:51,435 - tools - INFO - find_json_value: base_h into json/input_values.json is 2.0
2024-07-07 08:24:51,439 - tools - INFO - find_json_value: total_h into json/input_values.json is 4.0
2024-07-07 08:24:53,585 - tools - INFO - find_json_value: selected_file into json/input_values.json is C:/Users/nares/Desktop/allout/240613/240607_104411.csv
2024-07-07 08:25:02,721 - tools - INFO - find_json_value: selected_file into json/input_values.json is C:/Users/nares/Desktop/allout/240613/240607_104411.csv
2024-07-07 08:25:10,130 - tools - INFO - find_json_value: selected_file into json/input_values.json is C:/Users/nares/Desktop/allout/240613/240607_104411.csv
2024-07-07 08:33:46,187 - tools - INFO - find_json_value: reso into json/input_values.json is None
2024-07-07 08:33:46,193 - tools - INFO - find_json_value: anglr_ into json/input_values.json is 50.0
2024-07-07 08:33:46,200 - tools - INFO - find_json_value: steps into json/input_values.json is 500.0
2024-07-07 08:33:46,203 - tools - INFO - find_json_value: coil_radius into json/input_values.json is None
2024-07-07 08:33:46,208 - tools - INFO - find_json_value: base_h into json/input_values.json is 2.0
2024-07-07 08:33:46,211 - tools - INFO - find_json_value: total_h into json/input_values.json is 4.0
2024-07-07 08:33:56,224 - tools - INFO - find_json_value: selected_file into json/input_values.json is C:/Users/nares/Desktop/allout/240613/240607_104411.csv
2024-07-07 08:36:16,508 - tools - INFO - find_json_value: reso into json/input_values.json is None
2024-07-07 08:36:16,513 - tools - INFO - find_json_value: anglr_ into json/input_values.json is 50.0
2024-07-07 08:36:16,516 - tools - INFO - find_json_value: steps into json/input_values.json is 500.0
2024-07-07 08:36:16,521 - tools - INFO - find_json_value: coil_radius into json/input_values.json is None
2024-07-07 08:36:16,526 - tools - INFO - find_json_value: base_h into json/input_values.json is 2.0
2024-07-07 08:36:16,529 - tools - INFO - find_json_value: total_h into json/input_values.json is 4.0
2024-07-07 08:36:20,423 - tools - INFO - find_json_value: selected_file into json/input_values.json is C:/Users/nares/Desktop/allout/240613/240607_104411.csv
2024-07-07 08:37:49,841 - tools - INFO - find_json_value: reso into json/input_values.json is None
2024-07-07 08:37:49,845 - tools - INFO - find_json_value: anglr_ into json/input_values.json is 50.0
2024-07-07 08:37:49,850 - tools - INFO - find_json_value: steps into json/input_values.json is 500.0
2024-07-07 08:37:49,854 - tools - INFO - find_json_value: coil_radius into json/input_values.json is None
2024-07-07 08:37:49,858 - tools - INFO - find_json_value: base_h into json/input_values.json is 2.0
2024-07-07 08:37:49,861 - tools - INFO - find_json_value: total_h into json/input_values.json is 4.0
2024-07-07 08:37:51,831 - tools - INFO - find_json_value: selected_file into json/input_values.json is C:/Users/nares/Desktop/allout/240613/240607_104411.csv
2024-07-07 08:38:05,589 - tools - INFO - find_json_value: selected_file into json/input_values.json is C:/Users/nares/Desktop/allout/240613/240607_104411.csv
2024-07-07 08:50:20,313 - tools - INFO - find_json_value: reso into json/input_values.json is None
2024-07-07 08:50:20,318 - tools - INFO - find_json_value: anglr_ into json/input_values.json is 50.0
2024-07-07 08:50:20,321 - tools - INFO - find_json_value: steps into json/input_values.json is 500.0
2024-07-07 08:50:20,325 - tools - INFO - find_json_value: coil_radius into json/input_values.json is None
2024-07-07 08:50:20,329 - tools - INFO - find_json_value: base_h into json/input_values.json is 2.0
2024-07-07 08:50:20,333 - tools - INFO - find_json_value: total_h into json/input_values.json is 4.0
2024-07-07 08:50:22,417 - tools - INFO - find_json_value: selected_file into json/input_values.json is C:/Users/nares/Desktop/allout/240613/240607_104411.csv
2024-07-07 08:50:24,769 - tools - INFO - find_json_value: selected_file into json/input_values.json is C:/Users/nares/Desktop/allout/240613/240607_104411.csv
2024-07-07 08:51:15,166 - tools - INFO - find_json_value: reso into json/input_values.json is None
2024-07-07 08:51:15,171 - tools - INFO - find_json_value: anglr_ into json/input_values.json is 50.0
2024-07-07 08:51:15,174 - tools - INFO - find_json_value: steps into json/input_values.json is 500.0
2024-07-07 08:51:15,178 - tools - INFO - find_json_value: coil_radius into json/input_values.json is None
2024-07-07 08:51:15,184 - tools - INFO - find_json_value: base_h into json/input_values.json is 2.0
2024-07-07 08:51:15,190 - tools - INFO - find_json_value: total_h into json/input_values.json is 4.0
2024-07-07 08:51:17,052 - tools - INFO - find_json_value: selected_file into json/input_values.json is C:/Users/nares/Desktop/allout/240613/240607_104411.csv
2024-07-07 08:56:13,984 - tools - INFO - find_json_value: reso into json/input_values.json is None
2024-07-07 08:56:13,991 - tools - INFO - find_json_value: anglr_ into json/input_values.json is 50.0
2024-07-07 08:56:13,997 - tools - INFO - find_json_value: steps into json/input_values.json is 500.0
2024-07-07 08:56:14,003 - tools - INFO - find_json_value: coil_radius into json/input_values.json is None
2024-07-07 08:56:14,010 - tools - INFO - find_json_value: base_h into json/input_values.json is 2.0
2024-07-07 08:56:14,016 - tools - INFO - find_json_value: total_h into json/input_values.json is 4.0
2024-07-07 08:56:18,274 - tools - INFO - find_json_value: selected_file into json/input_values.json is C:/Users/nares/Desktop/allout/240613/240607_104411.csv
2024-07-07 08:56:28,547 - tools - INFO - {'anglr_': 50.0, 'steps': 500.0, 'base_h': 2.0, 'total_h': 4.0, 'selected_file': 'C:/Users/nares/Desktop/allout/240613/240607_104411.csv'} is saved in json/input_values.json as JSON successfully.
2024-07-07 08:56:28,547 - tools - INFO - Key=selected_file,And Value=C:/Users/nares/Desktop/allout/240613/240607_104411.csv is updated into json/input_values.json
2024-07-07 08:56:30,284 - tools - INFO - find_json_value: selected_file into json/input_values.json is C:/Users/nares/Desktop/allout/240613/240607_104411.csv
2024-07-07 08:57:12,177 - tools - INFO - find_json_value: reso into json/input_values.json is None
2024-07-07 08:57:12,181 - tools - INFO - find_json_value: anglr_ into json/input_values.json is 50.0
2024-07-07 08:57:12,185 - tools - INFO - find_json_value: steps into json/input_values.json is 500.0
2024-07-07 08:57:12,189 - tools - INFO - find_json_value: coil_radius into json/input_values.json is None
2024-07-07 08:57:12,193 - tools - INFO - find_json_value: base_h into json/input_values.json is 2.0
2024-07-07 08:57:12,196 - tools - INFO - find_json_value: total_h into json/input_values.json is 4.0
2024-07-07 08:57:13,742 - tools - INFO - find_json_value: selected_file into json/input_values.json is C:/Users/nares/Desktop/allout/240613/240607_104411.csv
2024-07-07 08:57:31,328 - tools - INFO - {'anglr_': 50.0, 'steps': 500.0, 'base_h': 2.0, 'total_h': 4.0, 'selected_file': 'C:/Users/nares/Desktop/allout/240704/240704_142922.csv'} is saved in json/input_values.json as JSON successfully.
2024-07-07 08:57:31,328 - tools - INFO - Key=selected_file,And Value=C:/Users/nares/Desktop/allout/240704/240704_142922.csv is updated into json/input_values.json
2024-07-07 08:57:34,947 - tools - INFO - find_json_value: selected_file into json/input_values.json is C:/Users/nares/Desktop/allout/240704/240704_142922.csv
2024-07-07 08:58:18,673 - tools - INFO - find_json_value: reso into json/input_values.json is None
2024-07-07 08:58:18,682 - tools - INFO - find_json_value: anglr_ into json/input_values.json is 50.0
2024-07-07 08:58:18,687 - tools - INFO - find_json_value: steps into json/input_values.json is 500.0
2024-07-07 08:58:18,691 - tools - INFO - find_json_value: coil_radius into json/input_values.json is None
2024-07-07 08:58:18,696 - tools - INFO - find_json_value: base_h into json/input_values.json is 2.0
2024-07-07 08:58:18,701 - tools - INFO - find_json_value: total_h into json/input_values.json is 4.0
2024-07-07 08:58:20,531 - tools - INFO - find_json_value: selected_file into json/input_values.json is C:/Users/nares/Desktop/allout/240704/240704_142922.csv
2024-07-07 09:05:26,263 - tools - INFO - find_json_value: reso into json/input_values.json is None
2024-07-07 09:05:26,267 - tools - INFO - find_json_value: anglr_ into json/input_values.json is 50.0
2024-07-07 09:05:26,271 - tools - INFO - find_json_value: steps into json/input_values.json is 500.0
2024-07-07 09:05:26,274 - tools - INFO - find_json_value: coil_radius into json/input_values.json is None
2024-07-07 09:05:26,278 - tools - INFO - find_json_value: base_h into json/input_values.json is 2.0
2024-07-07 09:05:26,282 - tools - INFO - find_json_value: total_h into json/input_values.json is 4.0
2024-07-07 09:05:29,123 - tools - INFO - find_json_value: selected_file into json/input_values.json is C:/Users/nares/Desktop/allout/240704/240704_142922.csv
2024-07-07 09:06:25,584 - tools - INFO - find_json_value: reso into json/input_values.json is None
2024-07-07 09:06:25,589 - tools - INFO - find_json_value: anglr_ into json/input_values.json is 50.0
2024-07-07 09:06:25,594 - tools - INFO - find_json_value: steps into json/input_values.json is 500.0
2024-07-07 09:06:25,598 - tools - INFO - find_json_value: coil_radius into json/input_values.json is None
2024-07-07 09:06:25,602 - tools - INFO - find_json_value: base_h into json/input_values.json is 2.0
2024-07-07 09:06:25,607 - tools - INFO - find_json_value: total_h into json/input_values.json is 4.0
2024-07-07 09:06:27,071 - tools - INFO - find_json_value: selected_file into json/input_values.json is C:/Users/nares/Desktop/allout/240704/240704_142922.csv
2024-07-07 09:06:27,071 - tools - INFO - find_json_value: selected_file into json/input_values.json is C:/Users/nares/Desktop/allout/240704/240704_142922.csv
2024-07-07 09:08:23,264 - tools - INFO - find_json_value: reso into json/input_values.json is None
2024-07-07 09:08:23,269 - tools - INFO - find_json_value: anglr_ into json/input_values.json is 50.0
2024-07-07 09:08:23,273 - tools - INFO - find_json_value: steps into json/input_values.json is 500.0
2024-07-07 09:08:23,278 - tools - INFO - find_json_value: coil_radius into json/input_values.json is None
2024-07-07 09:08:23,283 - tools - INFO - find_json_value: base_h into json/input_values.json is 2.0
2024-07-07 09:08:23,286 - tools - INFO - find_json_value: total_h into json/input_values.json is 4.0
2024-07-07 09:08:26,487 - tools - INFO - find_json_value: selected_file into json/input_values.json is C:/Users/nares/Desktop/allout/240704/240704_142922.csv
2024-07-07 09:08:30,475 - tools - INFO - find_json_value: selected_file into json/input_values.json is C:/Users/nares/Desktop/allout/240704/240704_142922.csv
2024-07-07 09:08:30,476 - tools - INFO - find_json_value: selected_file into json/input_values.json is C:/Users/nares/Desktop/allout/240704/240704_142922.csv
2024-07-07 09:08:33,365 - tools - INFO - find_json_value: selected_file into json/input_values.json is C:/Users/nares/Desktop/allout/240704/240704_142922.csv
2024-07-07 09:08:35,887 - tools - INFO - find_json_value: selected_file into json/input_values.json is C:/Users/nares/Desktop/allout/240704/240704_142922.csv
2024-07-07 09:08:39,072 - tools - INFO - find_json_value: selected_file into json/input_values.json is C:/Users/nares/Desktop/allout/240704/240704_142922.csv
2024-07-07 09:08:44,947 - tools - INFO - find_json_value: selected_file into json/input_values.json is C:/Users/nares/Desktop/allout/240704/240704_142922.csv
2024-07-07 09:08:55,098 - tools - INFO - find_json_value: selected_file into json/input_values.json is C:/Users/nares/Desktop/allout/240704/240704_142922.csv
2024-07-07 09:08:55,099 - tools - INFO - {'anglr_': 50.0, 'steps': 500.0, 'base_h': 2.0, 'total_h': 4.0, 'selected_file': 'C:/Users/nares/Desktop/allout/240704/240704_142922.csv'} is saved in json/input_values.json as JSON successfully.
2024-07-07 09:08:55,100 - tools - INFO - Key=steps,And Value=500.0 is updated into json/input_values.json
2024-07-07 09:08:55,104 - tools - INFO - {'anglr_': 50.0, 'steps': 500.0, 'base_h': 2.0, 'total_h': 4.0, 'selected_file': 'C:/Users/nares/Desktop/allout/240704/240704_142922.csv'} is saved in json/input_values.json as JSON successfully.
2024-07-07 09:08:55,105 - tools - INFO - Key=anglr_,And Value=50.0 is updated into json/input_values.json
2024-07-07 09:08:55,108 - tools - INFO - {'anglr_': 50.0, 'steps': 500.0, 'base_h': 2.0, 'total_h': 4.0, 'selected_file': 'C:/Users/nares/Desktop/allout/240704/240704_142922.csv'} is saved in json/input_values.json as JSON successfully.
2024-07-07 09:08:55,108 - tools - INFO - Key=total_h,And Value=4.0 is updated into json/input_values.json
2024-07-07 09:08:55,112 - tools - INFO - {'anglr_': 50.0, 'steps': 500.0, 'base_h': 2.0, 'total_h': 4.0, 'selected_file': 'C:/Users/nares/Desktop/allout/240704/240704_142922.csv'} is saved in json/input_values.json as JSON successfully.
2024-07-07 09:08:55,112 - tools - INFO - Key=base_h,And Value=2.0 is updated into json/input_values.json
2024-07-07 09:08:55,126 - tools - INFO - find_json_value: anglr_ into json/input_values.json is 50.0
2024-07-07 09:09:03,056 - tools - INFO - find_json_value: selected_file into json/input_values.json is C:/Users/nares/Desktop/allout/240704/240704_142922.csv
2024-07-07 09:10:38,377 - tools - INFO - find_json_value: reso into json/input_values.json is None
2024-07-07 09:10:38,385 - tools - INFO - find_json_value: anglr_ into json/input_values.json is 50.0
2024-07-07 09:10:38,389 - tools - INFO - find_json_value: steps into json/input_values.json is 500.0
2024-07-07 09:10:38,394 - tools - INFO - find_json_value: coil_radius into json/input_values.json is None
2024-07-07 09:10:38,399 - tools - INFO - find_json_value: base_h into json/input_values.json is 2.0
2024-07-07 09:10:38,403 - tools - INFO - find_json_value: total_h into json/input_values.json is 4.0
2024-07-07 09:10:52,721 - tools - INFO - find_json_value: selected_file into json/input_values.json is C:/Users/nares/Desktop/allout/240704/240704_142922.csv
2024-07-07 09:11:19,673 - tools - INFO - find_json_value: reso into json/input_values.json is None
2024-07-07 09:11:19,679 - tools - INFO - find_json_value: anglr_ into json/input_values.json is 50.0
2024-07-07 09:11:19,684 - tools - INFO - find_json_value: steps into json/input_values.json is 500.0
2024-07-07 09:11:19,689 - tools - INFO - find_json_value: coil_radius into json/input_values.json is None
2024-07-07 09:11:19,694 - tools - INFO - find_json_value: base_h into json/input_values.json is 2.0
2024-07-07 09:11:19,699 - tools - INFO - find_json_value: total_h into json/input_values.json is 4.0
2024-07-07 09:11:22,138 - tools - INFO - find_json_value: selected_file into json/input_values.json is C:/Users/nares/Desktop/allout/240704/240704_142922.csv
2024-07-07 09:13:25,363 - tools - INFO - find_json_value: reso into json/input_values.json is None
2024-07-07 09:13:25,368 - tools - INFO - find_json_value: anglr_ into json/input_values.json is 50.0
2024-07-07 09:13:25,371 - tools - INFO - find_json_value: steps into json/input_values.json is 500.0
2024-07-07 09:13:25,375 - tools - INFO - find_json_value: coil_radius into json/input_values.json is None
2024-07-07 09:13:25,379 - tools - INFO - find_json_value: base_h into json/input_values.json is 2.0
2024-07-07 09:13:25,382 - tools - INFO - find_json_value: total_h into json/input_values.json is 4.0
2024-07-07 09:13:30,833 - tools - INFO - find_json_value: selected_file into json/input_values.json is C:/Users/nares/Desktop/allout/240704/240704_142922.csv
2024-07-07 09:13:30,834 - tools - INFO - find_json_value: selected_file into json/input_values.json is C:/Users/nares/Desktop/allout/240704/240704_142922.csv
2024-07-07 09:13:34,186 - tools - INFO - find_json_value: selected_file into json/input_values.json is C:/Users/nares/Desktop/allout/240704/240704_142922.csv
2024-07-07 09:13:39,072 - tools - INFO - find_json_value: selected_file into json/input_values.json is C:/Users/nares/Desktop/allout/240704/240704_142922.csv
2024-07-07 09:13:43,865 - tools - INFO - find_json_value: selected_file into json/input_values.json is C:/Users/nares/Desktop/allout/240704/240704_142922.csv
2024-07-07 09:13:53,400 - tools - INFO - find_json_value: selected_file into json/input_values.json is C:/Users/nares/Desktop/allout/240704/240704_142922.csv
2024-07-07 09:14:14,640 - tools - INFO - find_json_value: selected_file into json/input_values.json is C:/Users/nares/Desktop/allout/240704/240704_142922.csv
2024-07-07 09:14:33,688 - tools - INFO - find_json_value: selected_file into json/input_values.json is C:/Users/nares/Desktop/allout/240704/240704_142922.csv
2024-07-07 09:14:44,776 - tools - INFO - find_json_value: selected_file into json/input_values.json is C:/Users/nares/Desktop/allout/240704/240704_142922.csv
2024-07-07 09:16:10,760 - tools - INFO - find_json_value: reso into json/input_values.json is None
2024-07-07 09:16:10,768 - tools - INFO - find_json_value: anglr_ into json/input_values.json is 50.0
2024-07-07 09:16:10,772 - tools - INFO - find_json_value: steps into json/input_values.json is 500.0
2024-07-07 09:16:10,776 - tools - INFO - find_json_value: coil_radius into json/input_values.json is None
2024-07-07 09:16:10,782 - tools - INFO - find_json_value: base_h into json/input_values.json is 2.0
2024-07-07 09:16:10,787 - tools - INFO - find_json_value: total_h into json/input_values.json is 4.0
2024-07-07 09:16:12,162 - tools - INFO - find_json_value: selected_file into json/input_values.json is C:/Users/nares/Desktop/allout/240704/240704_142922.csv
2024-07-07 09:16:20,753 - tools - INFO - find_json_value: selected_file into json/input_values.json is C:/Users/nares/Desktop/allout/240704/240704_142922.csv
2024-07-07 09:18:50,231 - tools - INFO - find_json_value: reso into json/input_values.json is None
2024-07-07 09:18:50,236 - tools - INFO - find_json_value: anglr_ into json/input_values.json is 50.0
2024-07-07 09:18:50,240 - tools - INFO - find_json_value: steps into json/input_values.json is 500.0
2024-07-07 09:18:50,243 - tools - INFO - find_json_value: coil_radius into json/input_values.json is None
2024-07-07 09:18:50,248 - tools - INFO - find_json_value: base_h into json/input_values.json is 2.0
2024-07-07 09:18:50,251 - tools - INFO - find_json_value: total_h into json/input_values.json is 4.0
2024-07-07 09:18:53,638 - tools - INFO - find_json_value: selected_file into json/input_values.json is C:/Users/nares/Desktop/allout/240704/240704_142922.csv
2024-07-07 09:19:28,114 - tools - INFO - find_json_value: reso into json/input_values.json is None
2024-07-07 09:19:28,119 - tools - INFO - find_json_value: anglr_ into json/input_values.json is 50.0
2024-07-07 09:19:28,123 - tools - INFO - find_json_value: steps into json/input_values.json is 500.0
2024-07-07 09:19:28,127 - tools - INFO - find_json_value: coil_radius into json/input_values.json is None
2024-07-07 09:19:28,131 - tools - INFO - find_json_value: base_h into json/input_values.json is 2.0
2024-07-07 09:19:28,140 - tools - INFO - find_json_value: total_h into json/input_values.json is 4.0
2024-07-07 09:19:29,828 - tools - INFO - find_json_value: selected_file into json/input_values.json is C:/Users/nares/Desktop/allout/240704/240704_142922.csv
2024-07-07 09:19:58,891 - tools - INFO - find_json_value: reso into json/input_values.json is None
2024-07-07 09:19:58,896 - tools - INFO - find_json_value: anglr_ into json/input_values.json is 50.0
2024-07-07 09:19:58,900 - tools - INFO - find_json_value: steps into json/input_values.json is 500.0
2024-07-07 09:19:58,907 - tools - INFO - find_json_value: coil_radius into json/input_values.json is None
2024-07-07 09:19:58,911 - tools - INFO - find_json_value: base_h into json/input_values.json is 2.0
2024-07-07 09:19:58,915 - tools - INFO - find_json_value: total_h into json/input_values.json is 4.0
2024-07-07 09:20:00,121 - tools - INFO - find_json_value: selected_file into json/input_values.json is C:/Users/nares/Desktop/allout/240704/240704_142922.csv
2024-07-07 09:20:47,525 - tools - INFO - find_json_value: reso into json/input_values.json is None
2024-07-07 09:20:47,530 - tools - INFO - find_json_value: anglr_ into json/input_values.json is 50.0
2024-07-07 09:20:47,534 - tools - INFO - find_json_value: steps into json/input_values.json is 500.0
2024-07-07 09:20:47,539 - tools - INFO - find_json_value: coil_radius into json/input_values.json is None
2024-07-07 09:20:47,543 - tools - INFO - find_json_value: base_h into json/input_values.json is 2.0
2024-07-07 09:20:47,546 - tools - INFO - find_json_value: total_h into json/input_values.json is 4.0
2024-07-07 09:20:49,197 - tools - INFO - find_json_value: selected_file into json/input_values.json is C:/Users/nares/Desktop/allout/240704/240704_142922.csv
2024-07-07 09:21:46,280 - tools - INFO - find_json_value: reso into json/input_values.json is None
2024-07-07 09:21:46,285 - tools - INFO - find_json_value: anglr_ into json/input_values.json is 50.0
2024-07-07 09:21:46,291 - tools - INFO - find_json_value: steps into json/input_values.json is 500.0
2024-07-07 09:21:46,295 - tools - INFO - find_json_value: coil_radius into json/input_values.json is None
2024-07-07 09:21:46,300 - tools - INFO - find_json_value: base_h into json/input_values.json is 2.0
2024-07-07 09:21:46,305 - tools - INFO - find_json_value: total_h into json/input_values.json is 4.0
2024-07-07 09:21:49,072 - tools - INFO - find_json_value: selected_file into json/input_values.json is C:/Users/nares/Desktop/allout/240704/240704_142922.csv
2024-07-07 09:22:46,546 - tools - INFO - find_json_value: reso into json/input_values.json is None
2024-07-07 09:22:46,553 - tools - INFO - find_json_value: anglr_ into json/input_values.json is 50.0
2024-07-07 09:22:46,556 - tools - INFO - find_json_value: steps into json/input_values.json is 500.0
2024-07-07 09:22:46,560 - tools - INFO - find_json_value: coil_radius into json/input_values.json is None
2024-07-07 09:22:46,566 - tools - INFO - find_json_value: base_h into json/input_values.json is 2.0
2024-07-07 09:22:46,570 - tools - INFO - find_json_value: total_h into json/input_values.json is 4.0
2024-07-07 09:22:48,605 - tools - INFO - find_json_value: selected_file into json/input_values.json is C:/Users/nares/Desktop/allout/240704/240704_142922.csv
2024-07-07 09:25:55,708 - tools - INFO - find_json_value: reso into json/input_values.json is None
2024-07-07 09:25:55,713 - tools - INFO - find_json_value: anglr_ into json/input_values.json is 50.0
2024-07-07 09:25:55,717 - tools - INFO - find_json_value: steps into json/input_values.json is 500.0
2024-07-07 09:25:55,720 - tools - INFO - find_json_value: coil_radius into json/input_values.json is None
2024-07-07 09:25:55,724 - tools - INFO - find_json_value: base_h into json/input_values.json is 2.0
2024-07-07 09:25:55,728 - tools - INFO - find_json_value: total_h into json/input_values.json is 4.0
2024-07-07 09:25:57,592 - tools - INFO - find_json_value: selected_file into json/input_values.json is C:/Users/nares/Desktop/allout/240704/240704_142922.csv
2024-07-07 09:26:09,759 - tools - INFO - find_json_value: selected_file into json/input_values.json is C:/Users/nares/Desktop/allout/240704/240704_142922.csv
2024-07-07 09:30:09,055 - tools - INFO - find_json_value: reso into json/input_values.json is None
2024-07-07 09:30:09,060 - tools - INFO - find_json_value: anglr_ into json/input_values.json is 50.0
2024-07-07 09:30:09,065 - tools - INFO - find_json_value: steps into json/input_values.json is 500.0
2024-07-07 09:30:09,069 - tools - INFO - find_json_value: coil_radius into json/input_values.json is None
2024-07-07 09:30:09,073 - tools - INFO - find_json_value: base_h into json/input_values.json is 2.0
2024-07-07 09:30:09,077 - tools - INFO - find_json_value: total_h into json/input_values.json is 4.0
2024-07-07 09:30:11,065 - tools - INFO - find_json_value: selected_file into json/input_values.json is C:/Users/nares/Desktop/allout/240704/240704_142922.csv
2024-07-07 09:30:57,521 - tools - INFO - find_json_value: reso into json/input_values.json is None
2024-07-07 09:30:57,526 - tools - INFO - find_json_value: anglr_ into json/input_values.json is 50.0
2024-07-07 09:30:57,530 - tools - INFO - find_json_value: steps into json/input_values.json is 500.0
2024-07-07 09:30:57,534 - tools - INFO - find_json_value: coil_radius into json/input_values.json is None
2024-07-07 09:30:57,537 - tools - INFO - find_json_value: base_h into json/input_values.json is 2.0
2024-07-07 09:30:57,541 - tools - INFO - find_json_value: total_h into json/input_values.json is 4.0
2024-07-07 09:30:59,272 - tools - INFO - find_json_value: selected_file into json/input_values.json is C:/Users/nares/Desktop/allout/240704/240704_142922.csv
2024-07-07 09:31:41,733 - tools - INFO - find_json_value: reso into json/input_values.json is None
2024-07-07 09:31:41,738 - tools - INFO - find_json_value: anglr_ into json/input_values.json is 50.0
2024-07-07 09:31:41,742 - tools - INFO - find_json_value: steps into json/input_values.json is 500.0
2024-07-07 09:31:41,750 - tools - INFO - find_json_value: coil_radius into json/input_values.json is None
2024-07-07 09:31:41,754 - tools - INFO - find_json_value: base_h into json/input_values.json is 2.0
2024-07-07 09:31:41,758 - tools - INFO - find_json_value: total_h into json/input_values.json is 4.0
2024-07-07 09:31:43,399 - tools - INFO - find_json_value: selected_file into json/input_values.json is C:/Users/nares/Desktop/allout/240704/240704_142922.csv
2024-07-07 09:32:38,659 - tools - INFO - find_json_value: reso into json/input_values.json is None
2024-07-07 09:32:38,663 - tools - INFO - find_json_value: anglr_ into json/input_values.json is 50.0
2024-07-07 09:32:38,667 - tools - INFO - find_json_value: steps into json/input_values.json is 500.0
2024-07-07 09:32:38,672 - tools - INFO - find_json_value: coil_radius into json/input_values.json is None
2024-07-07 09:32:38,676 - tools - INFO - find_json_value: base_h into json/input_values.json is 2.0
2024-07-07 09:32:38,680 - tools - INFO - find_json_value: total_h into json/input_values.json is 4.0
2024-07-07 09:32:40,548 - tools - INFO - find_json_value: selected_file into json/input_values.json is C:/Users/nares/Desktop/allout/240704/240704_142922.csv
2024-07-07 09:33:28,670 - tools - INFO - find_json_value: reso into json/input_values.json is None
2024-07-07 09:33:28,675 - tools - INFO - find_json_value: anglr_ into json/input_values.json is 50.0
2024-07-07 09:33:28,679 - tools - INFO - find_json_value: steps into json/input_values.json is 500.0
2024-07-07 09:33:28,684 - tools - INFO - find_json_value: coil_radius into json/input_values.json is None
2024-07-07 09:33:28,687 - tools - INFO - find_json_value: base_h into json/input_values.json is 2.0
2024-07-07 09:33:28,691 - tools - INFO - find_json_value: total_h into json/input_values.json is 4.0
2024-07-07 09:33:30,801 - tools - INFO - find_json_value: selected_file into json/input_values.json is C:/Users/nares/Desktop/allout/240704/240704_142922.csv
2024-07-07 09:34:16,114 - tools - INFO - find_json_value: reso into json/input_values.json is None
2024-07-07 09:34:16,119 - tools - INFO - find_json_value: anglr_ into json/input_values.json is 50.0
2024-07-07 09:34:16,123 - tools - INFO - find_json_value: steps into json/input_values.json is 500.0
2024-07-07 09:34:16,129 - tools - INFO - find_json_value: coil_radius into json/input_values.json is None
2024-07-07 09:34:16,134 - tools - INFO - find_json_value: base_h into json/input_values.json is 2.0
2024-07-07 09:34:16,137 - tools - INFO - find_json_value: total_h into json/input_values.json is 4.0
2024-07-07 09:34:17,770 - tools - INFO - find_json_value: selected_file into json/input_values.json is C:/Users/nares/Desktop/allout/240704/240704_142922.csv
2024-07-07 09:39:18,636 - tools - INFO - find_json_value: reso into json/input_values.json is None
2024-07-07 09:39:18,643 - tools - INFO - find_json_value: anglr_ into json/input_values.json is 50.0
2024-07-07 09:39:18,649 - tools - INFO - find_json_value: steps into json/input_values.json is 500.0
2024-07-07 09:39:18,654 - tools - INFO - find_json_value: coil_radius into json/input_values.json is None
2024-07-07 09:39:18,658 - tools - INFO - find_json_value: base_h into json/input_values.json is 2.0
2024-07-07 09:39:18,662 - tools - INFO - find_json_value: total_h into json/input_values.json is 4.0
2024-07-07 09:39:20,492 - tools - INFO - find_json_value: selected_file into json/input_values.json is C:/Users/nares/Desktop/allout/240704/240704_142922.csv
2024-07-07 09:42:34,215 - tools - INFO - find_json_value: reso into json/input_values.json is None
2024-07-07 09:42:34,223 - tools - INFO - find_json_value: anglr_ into json/input_values.json is 50.0
2024-07-07 09:42:34,229 - tools - INFO - find_json_value: steps into json/input_values.json is 500.0
2024-07-07 09:42:34,235 - tools - INFO - find_json_value: coil_radius into json/input_values.json is None
2024-07-07 09:42:34,241 - tools - INFO - find_json_value: base_h into json/input_values.json is 2.0
2024-07-07 09:42:34,248 - tools - INFO - find_json_value: total_h into json/input_values.json is 4.0
2024-07-07 09:42:35,954 - tools - INFO - find_json_value: selected_file into json/input_values.json is C:/Users/nares/Desktop/allout/240704/240704_142922.csv
2024-07-07 09:45:03,077 - tools - INFO - find_json_value: reso into json/input_values.json is None
2024-07-07 09:45:03,081 - tools - INFO - find_json_value: anglr_ into json/input_values.json is 50.0
2024-07-07 09:45:03,085 - tools - INFO - find_json_value: steps into json/input_values.json is 500.0
2024-07-07 09:45:03,089 - tools - INFO - find_json_value: coil_radius into json/input_values.json is None
2024-07-07 09:45:03,092 - tools - INFO - find_json_value: base_h into json/input_values.json is 2.0
2024-07-07 09:45:03,096 - tools - INFO - find_json_value: total_h into json/input_values.json is 4.0
2024-07-07 09:45:09,394 - tools - INFO - find_json_value: selected_file into json/input_values.json is C:/Users/nares/Desktop/allout/240704/240704_142922.csv
2024-07-07 09:46:05,648 - tools - INFO - find_json_value: reso into json/input_values.json is None
2024-07-07 09:46:05,654 - tools - INFO - find_json_value: anglr_ into json/input_values.json is 50.0
2024-07-07 09:46:05,660 - tools - INFO - find_json_value: steps into json/input_values.json is 500.0
2024-07-07 09:46:05,665 - tools - INFO - find_json_value: coil_radius into json/input_values.json is None
2024-07-07 09:46:05,679 - tools - INFO - find_json_value: base_h into json/input_values.json is 2.0
2024-07-07 09:46:05,683 - tools - INFO - find_json_value: total_h into json/input_values.json is 4.0
2024-07-07 09:46:07,256 - tools - INFO - find_json_value: selected_file into json/input_values.json is C:/Users/nares/Desktop/allout/240704/240704_142922.csv
2024-07-07 09:46:42,347 - tools - INFO - find_json_value: reso into json/input_values.json is None
2024-07-07 09:46:42,351 - tools - INFO - find_json_value: anglr_ into json/input_values.json is 50.0
2024-07-07 09:46:42,355 - tools - INFO - find_json_value: steps into json/input_values.json is 500.0
2024-07-07 09:46:42,359 - tools - INFO - find_json_value: coil_radius into json/input_values.json is None
2024-07-07 09:46:42,362 - tools - INFO - find_json_value: base_h into json/input_values.json is 2.0
2024-07-07 09:46:42,367 - tools - INFO - find_json_value: total_h into json/input_values.json is 4.0
2024-07-07 09:46:43,940 - tools - INFO - find_json_value: selected_file into json/input_values.json is C:/Users/nares/Desktop/allout/240704/240704_142922.csv
2024-07-07 09:48:43,431 - tools - INFO - find_json_value: reso into json/input_values.json is None
2024-07-07 09:48:43,437 - tools - INFO - find_json_value: anglr_ into json/input_values.json is 50.0
2024-07-07 09:48:43,441 - tools - INFO - find_json_value: steps into json/input_values.json is 500.0
2024-07-07 09:48:43,445 - tools - INFO - find_json_value: coil_radius into json/input_values.json is None
2024-07-07 09:48:43,449 - tools - INFO - find_json_value: base_h into json/input_values.json is 2.0
2024-07-07 09:48:43,455 - tools - INFO - find_json_value: total_h into json/input_values.json is 4.0
2024-07-07 09:48:45,058 - tools - INFO - find_json_value: selected_file into json/input_values.json is C:/Users/nares/Desktop/allout/240704/240704_142922.csv
2024-07-07 09:49:06,243 - tools - INFO - find_json_value: reso into json/input_values.json is None
2024-07-07 09:49:06,251 - tools - INFO - find_json_value: anglr_ into json/input_values.json is 50.0
2024-07-07 09:49:06,261 - tools - INFO - find_json_value: steps into json/input_values.json is 500.0
2024-07-07 09:49:06,266 - tools - INFO - find_json_value: coil_radius into json/input_values.json is None
2024-07-07 09:49:06,272 - tools - INFO - find_json_value: base_h into json/input_values.json is 2.0
2024-07-07 09:49:06,275 - tools - INFO - find_json_value: total_h into json/input_values.json is 4.0
2024-07-07 09:49:07,597 - tools - INFO - find_json_value: selected_file into json/input_values.json is C:/Users/nares/Desktop/allout/240704/240704_142922.csv
2024-07-07 09:49:34,480 - tools - INFO - find_json_value: reso into json/input_values.json is None
2024-07-07 09:49:34,485 - tools - INFO - find_json_value: anglr_ into json/input_values.json is 50.0
2024-07-07 09:49:34,490 - tools - INFO - find_json_value: steps into json/input_values.json is 500.0
2024-07-07 09:49:34,495 - tools - INFO - find_json_value: coil_radius into json/input_values.json is None
2024-07-07 09:49:34,499 - tools - INFO - find_json_value: base_h into json/input_values.json is 2.0
2024-07-07 09:49:34,502 - tools - INFO - find_json_value: total_h into json/input_values.json is 4.0
2024-07-07 09:49:35,743 - tools - INFO - find_json_value: selected_file into json/input_values.json is C:/Users/nares/Desktop/allout/240704/240704_142922.csv
2024-07-07 09:50:03,728 - tools - INFO - find_json_value: reso into json/input_values.json is None
2024-07-07 09:50:03,734 - tools - INFO - find_json_value: anglr_ into json/input_values.json is 50.0
2024-07-07 09:50:03,742 - tools - INFO - find_json_value: steps into json/input_values.json is 500.0
2024-07-07 09:50:03,747 - tools - INFO - find_json_value: coil_radius into json/input_values.json is None
2024-07-07 09:50:03,752 - tools - INFO - find_json_value: base_h into json/input_values.json is 2.0
2024-07-07 09:50:03,760 - tools - INFO - find_json_value: total_h into json/input_values.json is 4.0
2024-07-07 09:50:05,288 - tools - INFO - find_json_value: selected_file into json/input_values.json is C:/Users/nares/Desktop/allout/240704/240704_142922.csv
