2024-06-28 09:55:23,495 - tools - INFO - find_json_value: reso into json/input_values.json is None
2024-06-28 09:55:23,497 - tools - INFO - find_json_value: anglr_ into json/input_values.json is 20.0
2024-06-28 09:55:23,499 - tools - INFO - find_json_value: steps into json/input_values.json is 1000.0
2024-06-28 09:55:23,499 - tools - INFO - find_json_value: coil_radius into json/input_values.json is None
2024-06-28 09:55:23,499 - tools - INFO - find_json_value: base_h into json/input_values.json is 1.5
2024-06-28 09:55:23,500 - tools - INFO - find_json_value: total_h into json/input_values.json is 4.0
2024-06-28 10:13:14,127 - tools - INFO - find_json_value: reso into json/input_values.json is None
2024-06-28 10:13:14,130 - tools - INFO - find_json_value: anglr_ into json/input_values.json is 20.0
2024-06-28 10:13:14,130 - tools - INFO - find_json_value: steps into json/input_values.json is 1000.0
2024-06-28 10:13:14,131 - tools - INFO - find_json_value: coil_radius into json/input_values.json is None
2024-06-28 10:13:14,131 - tools - INFO - find_json_value: base_h into json/input_values.json is 1.5
2024-06-28 10:13:14,131 - tools - INFO - find_json_value: total_h into json/input_values.json is 4.0
2024-06-28 10:17:14,627 - tools - INFO - find_json_value: reso into json/input_values.json is None
2024-06-28 10:17:14,627 - tools - INFO - find_json_value: anglr_ into json/input_values.json is 20.0
2024-06-28 10:17:14,628 - tools - INFO - find_json_value: steps into json/input_values.json is 1000.0
2024-06-28 10:17:14,628 - tools - INFO - find_json_value: coil_radius into json/input_values.json is None
2024-06-28 10:17:14,629 - tools - INFO - find_json_value: base_h into json/input_values.json is 1.5
2024-06-28 10:17:14,629 - tools - INFO - find_json_value: total_h into json/input_values.json is 4.0
2024-06-28 10:17:24,809 - tools - INFO - find_json_value: selected_file into json/input_values.json is None
2024-06-28 10:17:24,810 - tools - INFO - find_json_value: selected_file into json/input_values.json is None
2024-06-28 10:17:24,812 - all_graph - ERROR - one_graph_all_param
Traceback (most recent call last):
  File "c:\Users\nares\source\repos\a\all_graph.py", line 12, in one_graph_all_param
    dataframe = pd.read_csv(file)
                ^^^^^^^^^^^^^^^^^
  File "C:\Users\nares\AppData\Local\Programs\Python\Python311\Lib\site-packages\pandas\io\parsers\readers.py", line 1026, in read_csv
    return _read(filepath_or_buffer, kwds)
           ^^^^^^^^^^^^^^^^^^^^^^^^^^^^^^^
  File "C:\Users\nares\AppData\Local\Programs\Python\Python311\Lib\site-packages\pandas\io\parsers\readers.py", line 620, in _read
    parser = TextFileReader(filepath_or_buffer, **kwds)
             ^^^^^^^^^^^^^^^^^^^^^^^^^^^^^^^^^^^^^^^^^^
  File "C:\Users\nares\AppData\Local\Programs\Python\Python311\Lib\site-packages\pandas\io\parsers\readers.py", line 1620, in __init__
    self._engine = self._make_engine(f, self.engine)
                   ^^^^^^^^^^^^^^^^^^^^^^^^^^^^^^^^^
  File "C:\Users\nares\AppData\Local\Programs\Python\Python311\Lib\site-packages\pandas\io\parsers\readers.py", line 1880, in _make_engine
    self.handles = get_handle(
                   ^^^^^^^^^^^
  File "C:\Users\nares\AppData\Local\Programs\Python\Python311\Lib\site-packages\pandas\io\common.py", line 728, in get_handle
    ioargs = _get_filepath_or_buffer(
             ^^^^^^^^^^^^^^^^^^^^^^^^
  File "C:\Users\nares\AppData\Local\Programs\Python\Python311\Lib\site-packages\pandas\io\common.py", line 472, in _get_filepath_or_buffer
    raise ValueError(msg)
ValueError: Invalid file path or buffer object type: <class 'NoneType'>
2024-06-28 10:17:25,760 - tools - INFO - find_json_value: selected_file into json/input_values.json is None
2024-06-28 10:17:25,763 - tools - INFO - {'anglr_': 20.0, 'steps': 1000.0, 'base_h': 1.5, 'total_h': 4.0} is saved in json/input_values.json as JSON successfully.
2024-06-28 10:17:25,763 - tools - INFO - Key=steps,And Value=1000.0 is updated into json/input_values.json
2024-06-28 10:17:25,766 - tools - INFO - {'anglr_': 20.0, 'steps': 1000.0, 'base_h': 1.5, 'total_h': 4.0} is saved in json/input_values.json as JSON successfully.
2024-06-28 10:17:25,766 - tools - INFO - Key=anglr_,And Value=20.0 is updated into json/input_values.json
2024-06-28 10:17:25,768 - tools - INFO - {'anglr_': 20.0, 'steps': 1000.0, 'base_h': 1.5, 'total_h': 4.0} is saved in json/input_values.json as JSON successfully.
2024-06-28 10:17:25,768 - tools - INFO - Key=base_h,And Value=1.5 is updated into json/input_values.json
2024-06-28 10:17:25,770 - tools - INFO - {'anglr_': 20.0, 'steps': 1000.0, 'base_h': 1.5, 'total_h': 4.0} is saved in json/input_values.json as JSON successfully.
2024-06-28 10:17:25,770 - tools - INFO - Key=total_h,And Value=4.0 is updated into json/input_values.json
2024-06-28 10:17:25,792 - tools - INFO - find_json_value: anglr_ into json/input_values.json is 20.0
2024-06-28 10:17:55,711 - tools - INFO - find_json_value: reso into json/input_values.json is None
2024-06-28 10:17:55,712 - tools - INFO - find_json_value: anglr_ into json/input_values.json is 20.0
2024-06-28 10:17:55,714 - tools - INFO - find_json_value: steps into json/input_values.json is 1000.0
2024-06-28 10:17:55,714 - tools - INFO - find_json_value: coil_radius into json/input_values.json is None
2024-06-28 10:17:55,715 - tools - INFO - find_json_value: base_h into json/input_values.json is 1.5
2024-06-28 10:17:55,715 - tools - INFO - find_json_value: total_h into json/input_values.json is 4.0
2024-06-28 10:18:56,220 - tools - INFO - find_json_value: reso into json/input_values.json is None
2024-06-28 10:18:56,221 - tools - INFO - find_json_value: anglr_ into json/input_values.json is 20.0
2024-06-28 10:18:56,221 - tools - INFO - find_json_value: steps into json/input_values.json is 1000.0
2024-06-28 10:18:56,222 - tools - INFO - find_json_value: coil_radius into json/input_values.json is None
2024-06-28 10:18:56,222 - tools - INFO - find_json_value: base_h into json/input_values.json is 1.5
2024-06-28 10:18:56,222 - tools - INFO - find_json_value: total_h into json/input_values.json is 4.0
2024-06-28 10:19:45,011 - tools - INFO - find_json_value: reso into json/input_values.json is None
2024-06-28 10:19:45,014 - tools - INFO - find_json_value: anglr_ into json/input_values.json is 20.0
2024-06-28 10:19:45,016 - tools - INFO - find_json_value: steps into json/input_values.json is 1000.0
2024-06-28 10:19:45,016 - tools - INFO - find_json_value: coil_radius into json/input_values.json is None
2024-06-28 10:19:45,017 - tools - INFO - find_json_value: base_h into json/input_values.json is 1.5
2024-06-28 10:19:45,018 - tools - INFO - find_json_value: total_h into json/input_values.json is 4.0
2024-06-28 10:23:47,679 - tools - INFO - find_json_value: selected_file into json/input_values.json is None
2024-06-28 10:23:47,679 - tools - INFO - find_json_value: selected_file into json/input_values.json is None
2024-06-28 10:23:47,681 - all_graph - ERROR - one_graph_all_param
Traceback (most recent call last):
  File "c:\Users\nares\source\repos\a\all_graph.py", line 12, in one_graph_all_param
    dataframe = pd.read_csv(file)
                ^^^^^^^^^^^^^^^^^
  File "C:\Users\nares\AppData\Local\Programs\Python\Python311\Lib\site-packages\pandas\io\parsers\readers.py", line 1026, in read_csv
    return _read(filepath_or_buffer, kwds)
           ^^^^^^^^^^^^^^^^^^^^^^^^^^^^^^^
  File "C:\Users\nares\AppData\Local\Programs\Python\Python311\Lib\site-packages\pandas\io\parsers\readers.py", line 620, in _read
    parser = TextFileReader(filepath_or_buffer, **kwds)
             ^^^^^^^^^^^^^^^^^^^^^^^^^^^^^^^^^^^^^^^^^^
  File "C:\Users\nares\AppData\Local\Programs\Python\Python311\Lib\site-packages\pandas\io\parsers\readers.py", line 1620, in __init__
    self._engine = self._make_engine(f, self.engine)
                   ^^^^^^^^^^^^^^^^^^^^^^^^^^^^^^^^^
  File "C:\Users\nares\AppData\Local\Programs\Python\Python311\Lib\site-packages\pandas\io\parsers\readers.py", line 1880, in _make_engine
    self.handles = get_handle(
                   ^^^^^^^^^^^
  File "C:\Users\nares\AppData\Local\Programs\Python\Python311\Lib\site-packages\pandas\io\common.py", line 728, in get_handle
    ioargs = _get_filepath_or_buffer(
             ^^^^^^^^^^^^^^^^^^^^^^^^
  File "C:\Users\nares\AppData\Local\Programs\Python\Python311\Lib\site-packages\pandas\io\common.py", line 472, in _get_filepath_or_buffer
    raise ValueError(msg)
ValueError: Invalid file path or buffer object type: <class 'NoneType'>
2024-06-28 10:23:47,696 - tools - INFO - find_json_value: selected_file into json/input_values.json is None
2024-06-28 10:25:57,143 - tools - INFO - find_json_value: reso into json/input_values.json is None
2024-06-28 10:25:57,145 - tools - INFO - find_json_value: anglr_ into json/input_values.json is 20.0
2024-06-28 10:25:57,145 - tools - INFO - find_json_value: steps into json/input_values.json is 1000.0
2024-06-28 10:25:57,146 - tools - INFO - find_json_value: coil_radius into json/input_values.json is None
2024-06-28 10:25:57,146 - tools - INFO - find_json_value: base_h into json/input_values.json is 1.5
2024-06-28 10:25:57,146 - tools - INFO - find_json_value: total_h into json/input_values.json is 4.0
2024-06-28 10:28:17,288 - tools - INFO - find_json_value: reso into json/input_values.json is None
2024-06-28 10:28:17,289 - tools - INFO - find_json_value: anglr_ into json/input_values.json is 20.0
2024-06-28 10:28:17,289 - tools - INFO - find_json_value: steps into json/input_values.json is 1000.0
2024-06-28 10:28:17,289 - tools - INFO - find_json_value: coil_radius into json/input_values.json is None
2024-06-28 10:28:17,290 - tools - INFO - find_json_value: base_h into json/input_values.json is 1.5
2024-06-28 10:28:17,290 - tools - INFO - find_json_value: total_h into json/input_values.json is 4.0
2024-06-28 10:28:24,946 - tools - INFO - find_json_value: selected_file into json/input_values.json is None
2024-06-28 10:28:29,218 - tools - INFO - find_json_value: selected_file into json/input_values.json is None
2024-06-28 10:29:09,404 - tools - INFO - find_json_value: reso into json/input_values.json is None
2024-06-28 10:29:09,405 - tools - INFO - find_json_value: anglr_ into json/input_values.json is 20.0
2024-06-28 10:29:09,406 - tools - INFO - find_json_value: steps into json/input_values.json is 1000.0
2024-06-28 10:29:09,406 - tools - INFO - find_json_value: coil_radius into json/input_values.json is None
2024-06-28 10:29:09,407 - tools - INFO - find_json_value: base_h into json/input_values.json is 1.5
2024-06-28 10:29:09,408 - tools - INFO - find_json_value: total_h into json/input_values.json is 4.0
2024-06-28 10:29:11,034 - tools - INFO - find_json_value: selected_file into json/input_values.json is None
2024-06-28 10:29:23,188 - tools - INFO - find_json_value: reso into json/input_values.json is None
2024-06-28 10:29:23,190 - tools - INFO - find_json_value: anglr_ into json/input_values.json is 20.0
2024-06-28 10:29:23,190 - tools - INFO - find_json_value: steps into json/input_values.json is 1000.0
2024-06-28 10:29:23,191 - tools - INFO - find_json_value: coil_radius into json/input_values.json is None
2024-06-28 10:29:23,191 - tools - INFO - find_json_value: base_h into json/input_values.json is 1.5
2024-06-28 10:29:23,192 - tools - INFO - find_json_value: total_h into json/input_values.json is 4.0
2024-06-28 10:29:25,170 - tools - INFO - find_json_value: selected_file into json/input_values.json is None
2024-06-28 10:30:36,158 - tools - INFO - find_json_value: reso into json/input_values.json is None
2024-06-28 10:30:36,159 - tools - INFO - find_json_value: anglr_ into json/input_values.json is 20.0
2024-06-28 10:30:36,160 - tools - INFO - find_json_value: steps into json/input_values.json is 1000.0
2024-06-28 10:30:36,160 - tools - INFO - find_json_value: coil_radius into json/input_values.json is None
2024-06-28 10:30:36,161 - tools - INFO - find_json_value: base_h into json/input_values.json is 1.5
2024-06-28 10:30:36,162 - tools - INFO - find_json_value: total_h into json/input_values.json is 4.0
2024-06-28 10:30:37,682 - tools - INFO - find_json_value: selected_file into json/input_values.json is None
2024-06-28 10:30:37,685 - tools - INFO - {'anglr_': 20.0, 'steps': 1000.0, 'base_h': 1.5, 'total_h': 4.0} is saved in json/input_values.json as JSON successfully.
2024-06-28 10:30:37,686 - tools - INFO - Key=steps,And Value=1000.0 is updated into json/input_values.json
2024-06-28 10:30:37,690 - tools - INFO - {'anglr_': 20.0, 'steps': 1000.0, 'base_h': 1.5, 'total_h': 4.0} is saved in json/input_values.json as JSON successfully.
2024-06-28 10:30:37,691 - tools - INFO - Key=anglr_,And Value=20.0 is updated into json/input_values.json
2024-06-28 10:30:37,694 - tools - INFO - {'anglr_': 20.0, 'steps': 1000.0, 'base_h': 1.5, 'total_h': 4.0} is saved in json/input_values.json as JSON successfully.
2024-06-28 10:30:37,695 - tools - INFO - Key=base_h,And Value=1.5 is updated into json/input_values.json
2024-06-28 10:30:37,699 - tools - INFO - {'anglr_': 20.0, 'steps': 1000.0, 'base_h': 1.5, 'total_h': 4.0} is saved in json/input_values.json as JSON successfully.
2024-06-28 10:30:37,699 - tools - INFO - Key=total_h,And Value=4.0 is updated into json/input_values.json
2024-06-28 10:30:37,735 - tools - INFO - find_json_value: anglr_ into json/input_values.json is 20.0
2024-06-28 10:30:40,667 - tools - INFO - find_json_value: selected_file into json/input_values.json is None
2024-06-28 10:30:40,669 - tools - INFO - {'anglr_': 20.0, 'steps': 1000.0, 'base_h': 1.5, 'total_h': 4.0} is saved in json/input_values.json as JSON successfully.
2024-06-28 10:30:40,670 - tools - INFO - Key=steps,And Value=1000.0 is updated into json/input_values.json
2024-06-28 10:30:40,674 - tools - INFO - {'anglr_': 20.0, 'steps': 1000.0, 'base_h': 1.5, 'total_h': 4.0} is saved in json/input_values.json as JSON successfully.
2024-06-28 10:30:40,674 - tools - INFO - Key=total_h,And Value=4.0 is updated into json/input_values.json
2024-06-28 10:30:40,677 - tools - INFO - {'anglr_': 20.0, 'steps': 1000.0, 'base_h': 1.5, 'total_h': 4.0} is saved in json/input_values.json as JSON successfully.
2024-06-28 10:30:40,678 - tools - INFO - Key=anglr_,And Value=20.0 is updated into json/input_values.json
2024-06-28 10:30:40,684 - tools - INFO - {'anglr_': 20.0, 'steps': 1000.0, 'base_h': 1.5, 'total_h': 4.0} is saved in json/input_values.json as JSON successfully.
2024-06-28 10:30:40,685 - tools - INFO - Key=base_h,And Value=1.5 is updated into json/input_values.json
2024-06-28 10:30:40,726 - tools - INFO - find_json_value: anglr_ into json/input_values.json is 20.0
2024-06-28 10:31:19,218 - tools - INFO - find_json_value: selected_file into json/input_values.json is None
2024-06-28 10:31:30,265 - tools - INFO - find_json_value: reso into json/input_values.json is None
2024-06-28 10:31:30,265 - tools - INFO - find_json_value: anglr_ into json/input_values.json is 20.0
2024-06-28 10:31:30,267 - tools - INFO - find_json_value: steps into json/input_values.json is 1000.0
2024-06-28 10:31:30,267 - tools - INFO - find_json_value: coil_radius into json/input_values.json is None
2024-06-28 10:31:30,268 - tools - INFO - find_json_value: base_h into json/input_values.json is 1.5
2024-06-28 10:31:30,268 - tools - INFO - find_json_value: total_h into json/input_values.json is 4.0
2024-06-28 10:31:48,407 - tools - INFO - find_json_value: reso into json/input_values.json is None
2024-06-28 10:31:48,410 - tools - INFO - find_json_value: anglr_ into json/input_values.json is 20.0
2024-06-28 10:31:48,410 - tools - INFO - find_json_value: steps into json/input_values.json is 1000.0
2024-06-28 10:31:48,411 - tools - INFO - find_json_value: coil_radius into json/input_values.json is None
2024-06-28 10:31:48,411 - tools - INFO - find_json_value: base_h into json/input_values.json is 1.5
2024-06-28 10:31:48,412 - tools - INFO - find_json_value: total_h into json/input_values.json is 4.0
2024-06-28 10:32:02,488 - tools - INFO - find_json_value: reso into json/input_values.json is None
2024-06-28 10:32:02,489 - tools - INFO - find_json_value: anglr_ into json/input_values.json is 20.0
2024-06-28 10:32:02,491 - tools - INFO - find_json_value: steps into json/input_values.json is 1000.0
2024-06-28 10:32:02,492 - tools - INFO - find_json_value: coil_radius into json/input_values.json is None
2024-06-28 10:32:02,492 - tools - INFO - find_json_value: base_h into json/input_values.json is 1.5
2024-06-28 10:32:02,493 - tools - INFO - find_json_value: total_h into json/input_values.json is 4.0
2024-06-28 10:32:17,712 - tools - INFO - find_json_value: reso into json/input_values.json is None
2024-06-28 10:32:17,714 - tools - INFO - find_json_value: anglr_ into json/input_values.json is 20.0
2024-06-28 10:32:17,714 - tools - INFO - find_json_value: steps into json/input_values.json is 1000.0
2024-06-28 10:32:17,715 - tools - INFO - find_json_value: coil_radius into json/input_values.json is None
2024-06-28 10:32:17,715 - tools - INFO - find_json_value: base_h into json/input_values.json is 1.5
2024-06-28 10:32:17,716 - tools - INFO - find_json_value: total_h into json/input_values.json is 4.0
2024-06-28 10:32:23,106 - tools - INFO - find_json_value: selected_file into json/input_values.json is None
2024-06-28 10:33:07,775 - tools - INFO - find_json_value: reso into json/input_values.json is None
2024-06-28 10:33:07,777 - tools - INFO - find_json_value: anglr_ into json/input_values.json is 20.0
2024-06-28 10:33:07,777 - tools - INFO - find_json_value: steps into json/input_values.json is 1000.0
2024-06-28 10:33:07,778 - tools - INFO - find_json_value: coil_radius into json/input_values.json is None
2024-06-28 10:33:07,779 - tools - INFO - find_json_value: base_h into json/input_values.json is 1.5
2024-06-28 10:33:07,779 - tools - INFO - find_json_value: total_h into json/input_values.json is 4.0
2024-06-28 10:33:16,338 - tools - INFO - find_json_value: selected_file into json/input_values.json is None
2024-06-28 10:33:20,571 - tools - INFO - find_json_value: selected_file into json/input_values.json is None
2024-06-28 10:42:54,386 - tools - INFO - find_json_value: reso into json/input_values.json is None
2024-06-28 10:42:54,395 - tools - INFO - find_json_value: anglr_ into json/input_values.json is 20.0
2024-06-28 10:42:54,399 - tools - INFO - find_json_value: steps into json/input_values.json is 1000.0
2024-06-28 10:42:54,404 - tools - INFO - find_json_value: coil_radius into json/input_values.json is None
2024-06-28 10:42:54,408 - tools - INFO - find_json_value: base_h into json/input_values.json is 1.5
2024-06-28 10:42:54,412 - tools - INFO - find_json_value: total_h into json/input_values.json is 4.0
2024-06-28 10:43:18,353 - tools - INFO - find_json_value: selected_file into json/input_values.json is None
2024-06-28 10:43:24,203 - tools - INFO - find_json_value: reso into json/input_values.json is None
2024-06-28 10:43:24,210 - tools - INFO - find_json_value: anglr_ into json/input_values.json is 20.0
2024-06-28 10:43:24,214 - tools - INFO - find_json_value: steps into json/input_values.json is 1000.0
2024-06-28 10:43:24,220 - tools - INFO - find_json_value: coil_radius into json/input_values.json is None
2024-06-28 10:43:24,226 - tools - INFO - find_json_value: base_h into json/input_values.json is 1.5
2024-06-28 10:43:24,230 - tools - INFO - find_json_value: total_h into json/input_values.json is 4.0
2024-06-28 10:43:33,713 - tools - INFO - find_json_value: selected_file into json/input_values.json is None
2024-06-28 10:43:33,715 - tools - INFO - {'anglr_': 20.0, 'steps': 1000.0, 'base_h': 1.5, 'total_h': 4.0} is saved in json/input_values.json as JSON successfully.
2024-06-28 10:43:33,717 - tools - INFO - Key=steps,And Value=1000.0 is updated into json/input_values.json
2024-06-28 10:43:33,726 - tools - INFO - {'anglr_': 80.0, 'steps': 1000.0, 'base_h': 1.5, 'total_h': 4.0} is saved in json/input_values.json as JSON successfully.
2024-06-28 10:43:33,727 - tools - INFO - Key=anglr_,And Value=80.0 is updated into json/input_values.json
2024-06-28 10:43:33,743 - tools - INFO - {'anglr_': 80.0, 'steps': 1000.0, 'base_h': 1.5, 'total_h': 4.0} is saved in json/input_values.json as JSON successfully.
2024-06-28 10:43:33,743 - tools - INFO - Key=base_h,And Value=1.5 is updated into json/input_values.json
2024-06-28 10:43:33,748 - tools - INFO - {'anglr_': 80.0, 'steps': 1000.0, 'base_h': 1.5, 'total_h': 4.0} is saved in json/input_values.json as JSON successfully.
2024-06-28 10:43:33,748 - tools - INFO - Key=total_h,And Value=4.0 is updated into json/input_values.json
2024-06-28 10:43:33,806 - tools - INFO - find_json_value: anglr_ into json/input_values.json is 80.0
2024-06-28 10:43:43,031 - tools - INFO - find_json_value: reso into json/input_values.json is None
2024-06-28 10:43:43,036 - tools - INFO - find_json_value: anglr_ into json/input_values.json is 80.0
2024-06-28 10:43:43,040 - tools - INFO - find_json_value: steps into json/input_values.json is 1000.0
2024-06-28 10:43:43,044 - tools - INFO - find_json_value: coil_radius into json/input_values.json is None
2024-06-28 10:43:43,049 - tools - INFO - find_json_value: base_h into json/input_values.json is 1.5
2024-06-28 10:43:43,053 - tools - INFO - find_json_value: total_h into json/input_values.json is 4.0
2024-06-28 10:44:08,189 - tools - INFO - find_json_value: reso into json/input_values.json is None
2024-06-28 10:44:08,196 - tools - INFO - find_json_value: anglr_ into json/input_values.json is 80.0
2024-06-28 10:44:08,201 - tools - INFO - find_json_value: steps into json/input_values.json is 1000.0
2024-06-28 10:44:08,205 - tools - INFO - find_json_value: coil_radius into json/input_values.json is None
2024-06-28 10:44:08,211 - tools - INFO - find_json_value: base_h into json/input_values.json is 1.5
2024-06-28 10:44:08,216 - tools - INFO - find_json_value: total_h into json/input_values.json is 4.0
2024-06-28 10:48:32,932 - tools - INFO - find_json_value: reso into json/input_values.json is None
2024-06-28 10:48:32,937 - tools - INFO - find_json_value: anglr_ into json/input_values.json is 80.0
2024-06-28 10:48:32,940 - tools - INFO - find_json_value: steps into json/input_values.json is 1000.0
2024-06-28 10:48:32,946 - tools - INFO - find_json_value: coil_radius into json/input_values.json is None
2024-06-28 10:48:32,950 - tools - INFO - find_json_value: base_h into json/input_values.json is 1.5
2024-06-28 10:48:32,953 - tools - INFO - find_json_value: total_h into json/input_values.json is 4.0
2024-06-28 10:57:34,691 - tools - INFO - find_json_value: reso into json/input_values.json is None
2024-06-28 10:57:34,696 - tools - INFO - find_json_value: anglr_ into json/input_values.json is 80.0
2024-06-28 10:57:34,699 - tools - INFO - find_json_value: steps into json/input_values.json is 1000.0
2024-06-28 10:57:34,703 - tools - INFO - find_json_value: coil_radius into json/input_values.json is None
2024-06-28 10:57:34,707 - tools - INFO - find_json_value: base_h into json/input_values.json is 1.5
2024-06-28 10:57:34,711 - tools - INFO - find_json_value: total_h into json/input_values.json is 4.0
2024-06-28 10:57:39,578 - tools - INFO - find_json_value: selected_file into json/input_values.json is None
2024-06-28 10:57:39,579 - tools - INFO - {'anglr_': 80.0, 'steps': 1000.0, 'base_h': 1.5, 'total_h': 4.0} is saved in json/input_values.json as JSON successfully.
2024-06-28 10:57:39,580 - tools - INFO - Key=steps,And Value=1000.0 is updated into json/input_values.json
2024-06-28 10:57:39,584 - tools - INFO - {'anglr_': 80.0, 'steps': 1000.0, 'base_h': 1.5, 'total_h': 4.0} is saved in json/input_values.json as JSON successfully.
2024-06-28 10:57:39,584 - tools - INFO - Key=anglr_,And Value=80.0 is updated into json/input_values.json
2024-06-28 10:57:39,589 - tools - INFO - {'anglr_': 80.0, 'steps': 1000.0, 'base_h': 1.5, 'total_h': 4.0} is saved in json/input_values.json as JSON successfully.
2024-06-28 10:57:39,589 - tools - INFO - Key=base_h,And Value=1.5 is updated into json/input_values.json
2024-06-28 10:57:39,593 - tools - INFO - {'anglr_': 80.0, 'steps': 1000.0, 'base_h': 1.5, 'total_h': 4.0} is saved in json/input_values.json as JSON successfully.
2024-06-28 10:57:39,594 - tools - INFO - Key=total_h,And Value=4.0 is updated into json/input_values.json
2024-06-28 10:57:39,629 - tools - INFO - find_json_value: anglr_ into json/input_values.json is 80.0
2024-06-28 11:02:25,643 - tools - INFO - find_json_value: reso into json/input_values.json is None
2024-06-28 11:02:25,649 - tools - INFO - find_json_value: anglr_ into json/input_values.json is 80.0
2024-06-28 11:02:25,654 - tools - INFO - find_json_value: steps into json/input_values.json is 1000.0
2024-06-28 11:02:25,658 - tools - INFO - find_json_value: coil_radius into json/input_values.json is None
2024-06-28 11:02:25,662 - tools - INFO - find_json_value: base_h into json/input_values.json is 1.5
2024-06-28 11:02:25,667 - tools - INFO - find_json_value: total_h into json/input_values.json is 4.0
2024-06-28 11:02:28,210 - tools - INFO - find_json_value: selected_file into json/input_values.json is None
2024-06-28 11:02:28,212 - tools - INFO - {'anglr_': 80.0, 'steps': 1000.0, 'base_h': 1.5, 'total_h': 4.0} is saved in json/input_values.json as JSON successfully.
2024-06-28 11:02:28,212 - tools - INFO - Key=steps,And Value=1000.0 is updated into json/input_values.json
2024-06-28 11:02:28,217 - tools - INFO - {'anglr_': 80.0, 'steps': 1000.0, 'base_h': 1.5, 'total_h': 4.0} is saved in json/input_values.json as JSON successfully.
2024-06-28 11:02:28,217 - tools - INFO - Key=anglr_,And Value=80.0 is updated into json/input_values.json
2024-06-28 11:02:28,222 - tools - INFO - {'anglr_': 80.0, 'steps': 1000.0, 'base_h': 1.5, 'total_h': 4.0} is saved in json/input_values.json as JSON successfully.
2024-06-28 11:02:28,222 - tools - INFO - Key=base_h,And Value=1.5 is updated into json/input_values.json
2024-06-28 11:02:28,227 - tools - INFO - {'anglr_': 80.0, 'steps': 1000.0, 'base_h': 1.5, 'total_h': 4.0} is saved in json/input_values.json as JSON successfully.
2024-06-28 11:02:28,227 - tools - INFO - Key=total_h,And Value=4.0 is updated into json/input_values.json
2024-06-28 11:02:28,279 - tools - INFO - find_json_value: anglr_ into json/input_values.json is 80.0
2024-06-28 11:02:49,098 - tools - INFO - find_json_value: selected_file into json/input_values.json is None
2024-06-28 11:02:49,101 - tools - INFO - {'anglr_': 80.0, 'steps': 1000.0, 'base_h': 1.5, 'total_h': 4.0} is saved in json/input_values.json as JSON successfully.
2024-06-28 11:02:49,101 - tools - INFO - Key=steps,And Value=1000.0 is updated into json/input_values.json
2024-06-28 11:02:49,106 - tools - INFO - {'anglr_': 0.0, 'steps': 1000.0, 'base_h': 1.5, 'total_h': 4.0} is saved in json/input_values.json as JSON successfully.
2024-06-28 11:02:49,106 - tools - INFO - Key=anglr_,And Value=0.0 is updated into json/input_values.json
2024-06-28 11:02:49,122 - tools - INFO - {'anglr_': 0.0, 'steps': 1000.0, 'base_h': 1.5, 'total_h': 4.0} is saved in json/input_values.json as JSON successfully.
2024-06-28 11:02:49,122 - tools - INFO - Key=base_h,And Value=1.5 is updated into json/input_values.json
2024-06-28 11:02:49,126 - tools - INFO - {'anglr_': 0.0, 'steps': 1000.0, 'base_h': 1.5, 'total_h': 4.0} is saved in json/input_values.json as JSON successfully.
2024-06-28 11:02:49,126 - tools - INFO - Key=total_h,And Value=4.0 is updated into json/input_values.json
2024-06-28 11:02:49,164 - tools - INFO - find_json_value: anglr_ into json/input_values.json is 0.0
2024-06-28 11:03:13,658 - tools - INFO - find_json_value: selected_file into json/input_values.json is None
2024-06-28 11:03:13,660 - tools - INFO - {'anglr_': 0.0, 'steps': 1000.0, 'base_h': 1.5, 'total_h': 4.0} is saved in json/input_values.json as JSON successfully.
2024-06-28 11:03:13,660 - tools - INFO - Key=steps,And Value=1000.0 is updated into json/input_values.json
2024-06-28 11:03:13,665 - tools - INFO - {'anglr_': 90.0, 'steps': 1000.0, 'base_h': 1.5, 'total_h': 4.0} is saved in json/input_values.json as JSON successfully.
2024-06-28 11:03:13,665 - tools - INFO - Key=anglr_,And Value=90.0 is updated into json/input_values.json
2024-06-28 11:03:13,678 - tools - INFO - {'anglr_': 90.0, 'steps': 1000.0, 'base_h': 1.5, 'total_h': 4.0} is saved in json/input_values.json as JSON successfully.
2024-06-28 11:03:13,678 - tools - INFO - Key=base_h,And Value=1.5 is updated into json/input_values.json
2024-06-28 11:03:13,682 - tools - INFO - {'anglr_': 90.0, 'steps': 1000.0, 'base_h': 1.5, 'total_h': 4.0} is saved in json/input_values.json as JSON successfully.
2024-06-28 11:03:13,682 - tools - INFO - Key=total_h,And Value=4.0 is updated into json/input_values.json
2024-06-28 11:03:13,730 - tools - INFO - find_json_value: anglr_ into json/input_values.json is 90.0
2024-06-28 11:07:04,093 - tools - INFO - find_json_value: reso into json/input_values.json is None
2024-06-28 11:07:04,097 - tools - INFO - find_json_value: anglr_ into json/input_values.json is 90.0
2024-06-28 11:07:04,102 - tools - INFO - find_json_value: steps into json/input_values.json is 1000.0
2024-06-28 11:07:04,106 - tools - INFO - find_json_value: coil_radius into json/input_values.json is None
2024-06-28 11:07:04,110 - tools - INFO - find_json_value: base_h into json/input_values.json is 1.5
2024-06-28 11:07:04,115 - tools - INFO - find_json_value: total_h into json/input_values.json is 4.0
2024-06-28 11:07:09,730 - tools - INFO - find_json_value: selected_file into json/input_values.json is None
2024-06-28 11:07:09,732 - tools - INFO - {'anglr_': 90.0, 'steps': 1000.0, 'base_h': 1.5, 'total_h': 4.0} is saved in json/input_values.json as JSON successfully.
2024-06-28 11:07:09,732 - tools - INFO - Key=steps,And Value=1000.0 is updated into json/input_values.json
2024-06-28 11:07:09,736 - tools - INFO - {'anglr_': 24.0, 'steps': 1000.0, 'base_h': 1.5, 'total_h': 4.0} is saved in json/input_values.json as JSON successfully.
2024-06-28 11:07:09,737 - tools - INFO - Key=anglr_,And Value=24.0 is updated into json/input_values.json
2024-06-28 11:07:09,752 - tools - INFO - {'anglr_': 24.0, 'steps': 1000.0, 'base_h': 1.5, 'total_h': 4.0} is saved in json/input_values.json as JSON successfully.
2024-06-28 11:07:09,752 - tools - INFO - Key=base_h,And Value=1.5 is updated into json/input_values.json
2024-06-28 11:07:09,754 - tools - INFO - {'anglr_': 24.0, 'steps': 1000.0, 'base_h': 1.5, 'total_h': 4.0} is saved in json/input_values.json as JSON successfully.
2024-06-28 11:07:09,754 - tools - INFO - Key=total_h,And Value=4.0 is updated into json/input_values.json
2024-06-28 11:07:09,785 - tools - INFO - find_json_value: anglr_ into json/input_values.json is 24.0
2024-06-28 11:08:54,603 - tools - INFO - find_json_value: selected_file into json/input_values.json is None
2024-06-28 11:08:54,606 - tools - INFO - {'anglr_': 24.0, 'steps': 1000.0, 'base_h': 1.5, 'total_h': 4.0} is saved in json/input_values.json as JSON successfully.
2024-06-28 11:08:54,606 - tools - INFO - Key=steps,And Value=1000.0 is updated into json/input_values.json
2024-06-28 11:08:54,610 - tools - INFO - {'anglr_': 24.0, 'steps': 1000.0, 'base_h': 1.5, 'total_h': 4.0} is saved in json/input_values.json as JSON successfully.
2024-06-28 11:08:54,610 - tools - INFO - Key=anglr_,And Value=24.0 is updated into json/input_values.json
2024-06-28 11:08:54,614 - tools - INFO - {'anglr_': 24.0, 'steps': 1000.0, 'base_h': 2.0, 'total_h': 4.0} is saved in json/input_values.json as JSON successfully.
2024-06-28 11:08:54,614 - tools - INFO - Key=base_h,And Value=2.0 is updated into json/input_values.json
2024-06-28 11:08:54,629 - tools - INFO - {'anglr_': 24.0, 'steps': 1000.0, 'base_h': 2.0, 'total_h': 4.0} is saved in json/input_values.json as JSON successfully.
2024-06-28 11:08:54,629 - tools - INFO - Key=total_h,And Value=4.0 is updated into json/input_values.json
2024-06-28 11:08:54,659 - tools - INFO - find_json_value: anglr_ into json/input_values.json is 24.0
2024-06-28 11:09:11,226 - tools - INFO - find_json_value: selected_file into json/input_values.json is None
2024-06-28 11:09:11,227 - tools - INFO - {'anglr_': 24.0, 'steps': 1000.0, 'base_h': 2.0, 'total_h': 4.0} is saved in json/input_values.json as JSON successfully.
2024-06-28 11:09:11,229 - tools - INFO - Key=steps,And Value=1000.0 is updated into json/input_values.json
2024-06-28 11:09:11,233 - tools - INFO - {'anglr_': 0.0, 'steps': 1000.0, 'base_h': 2.0, 'total_h': 4.0} is saved in json/input_values.json as JSON successfully.
2024-06-28 11:09:11,233 - tools - INFO - Key=anglr_,And Value=0.0 is updated into json/input_values.json
2024-06-28 11:09:11,248 - tools - INFO - {'anglr_': 0.0, 'steps': 1000.0, 'base_h': 2.0, 'total_h': 4.0} is saved in json/input_values.json as JSON successfully.
2024-06-28 11:09:11,248 - tools - INFO - Key=base_h,And Value=2.0 is updated into json/input_values.json
2024-06-28 11:09:11,252 - tools - INFO - {'anglr_': 0.0, 'steps': 1000.0, 'base_h': 2.0, 'total_h': 4.0} is saved in json/input_values.json as JSON successfully.
2024-06-28 11:09:11,252 - tools - INFO - Key=total_h,And Value=4.0 is updated into json/input_values.json
2024-06-28 11:09:11,279 - tools - INFO - find_json_value: anglr_ into json/input_values.json is 0.0
2024-06-28 11:09:27,906 - tools - INFO - find_json_value: selected_file into json/input_values.json is None
2024-06-28 11:09:27,907 - tools - INFO - {'anglr_': 0.0, 'steps': 1000.0, 'base_h': 2.0, 'total_h': 4.0} is saved in json/input_values.json as JSON successfully.
2024-06-28 11:09:27,908 - tools - INFO - Key=steps,And Value=1000.0 is updated into json/input_values.json
2024-06-28 11:09:27,912 - tools - INFO - {'anglr_': 90.0, 'steps': 1000.0, 'base_h': 2.0, 'total_h': 4.0} is saved in json/input_values.json as JSON successfully.
2024-06-28 11:09:27,913 - tools - INFO - Key=anglr_,And Value=90.0 is updated into json/input_values.json
2024-06-28 11:09:27,926 - tools - INFO - {'anglr_': 90.0, 'steps': 1000.0, 'base_h': 2.0, 'total_h': 4.0} is saved in json/input_values.json as JSON successfully.
2024-06-28 11:09:27,926 - tools - INFO - Key=base_h,And Value=2.0 is updated into json/input_values.json
2024-06-28 11:09:27,929 - tools - INFO - {'anglr_': 90.0, 'steps': 1000.0, 'base_h': 2.0, 'total_h': 4.0} is saved in json/input_values.json as JSON successfully.
2024-06-28 11:09:27,930 - tools - INFO - Key=total_h,And Value=4.0 is updated into json/input_values.json
2024-06-28 11:09:27,980 - tools - INFO - find_json_value: anglr_ into json/input_values.json is 90.0
