2024-07-29 20:48:19,620 - tools - INFO - find_json_value: reso into json/input_values.json is 0.0001
2024-07-29 20:48:19,627 - tools - INFO - find_json_value: anglr_ into json/input_values.json is 80.0
2024-07-29 20:48:19,632 - tools - INFO - find_json_value: coil_radius into json/input_values.json is 2.5
2024-07-29 20:48:19,636 - tools - INFO - find_json_value: base_h into json/input_values.json is 1.5
2024-07-29 20:48:19,640 - tools - INFO - find_json_value: total_h into json/input_values.json is 4.5
2024-07-29 20:50:40,644 - tools - INFO - find_json_value: reso into json/input_values.json is 0.0001
2024-07-29 20:50:40,650 - tools - INFO - find_json_value: anglr_ into json/input_values.json is 80.0
2024-07-29 20:50:40,655 - tools - INFO - find_json_value: coil_radius into json/input_values.json is 2.5
2024-07-29 20:50:40,660 - tools - INFO - find_json_value: base_h into json/input_values.json is 1.5
2024-07-29 20:50:40,664 - tools - INFO - find_json_value: total_h into json/input_values.json is 4.5
2024-07-29 20:54:53,941 - tools - INFO - find_json_value: reso into json/input_values.json is 0.0001
2024-07-29 20:54:53,946 - tools - INFO - find_json_value: anglr_ into json/input_values.json is 80.0
2024-07-29 20:54:53,950 - tools - INFO - find_json_value: coil_radius into json/input_values.json is 2.5
2024-07-29 20:54:53,953 - tools - INFO - find_json_value: base_h into json/input_values.json is 1.5
2024-07-29 20:54:53,958 - tools - INFO - find_json_value: total_h into json/input_values.json is 4.5
2024-07-29 20:54:57,445 - tools - INFO - find_json_value: selected_file into json/input_values.json is C:/Users/nares/Desktop/allout/240704/240704_142041.csv
2024-07-29 20:55:06,414 - tools - INFO - {'total_h': 4.5, 'anglr_': 80.0, 'base_h': 1.5, 'reso': 0.0001, 'coil_radius': 2.5, 'selected_file': 'C:/Users/nares/Desktop/LAB/movie/two/big - Copy.csv'} is saved in json/input_values.json as JSON successfully.
2024-07-29 20:55:06,414 - tools - INFO - Key=selected_file,And Value=C:/Users/nares/Desktop/LAB/movie/two/big - Copy.csv is updated into json/input_values.json
2024-07-29 20:55:10,221 - tools - INFO - find_json_value: selected_file into json/input_values.json is C:/Users/nares/Desktop/LAB/movie/two/big - Copy.csv
2024-07-29 20:55:12,500 - tools - INFO - find_json_value: selected_file into json/input_values.json is C:/Users/nares/Desktop/LAB/movie/two/big - Copy.csv
2024-07-29 20:55:12,500 - tools - INFO - find_json_value: selected_file into json/input_values.json is C:/Users/nares/Desktop/LAB/movie/two/big - Copy.csv
2024-07-29 20:56:05,076 - tools - INFO - find_json_value: selected_file into json/input_values.json is C:/Users/nares/Desktop/LAB/movie/two/big - Copy.csv
2024-07-29 20:56:05,078 - tools - INFO - {'total_h': 4.5, 'anglr_': 80.0, 'base_h': 1.5, 'reso': 0.0001, 'coil_radius': 2.5, 'selected_file': 'C:/Users/nares/Desktop/LAB/movie/two/big - Copy.csv'} is saved in json/input_values.json as JSON successfully.
2024-07-29 20:56:05,078 - tools - INFO - Key=total_h,And Value=4.5 is updated into json/input_values.json
2024-07-29 20:56:05,081 - tools - INFO - {'total_h': 4.5, 'anglr_': 80.0, 'base_h': 1.5, 'reso': 0.0001, 'coil_radius': 2.5, 'selected_file': 'C:/Users/nares/Desktop/LAB/movie/two/big - Copy.csv'} is saved in json/input_values.json as JSON successfully.
2024-07-29 20:56:05,081 - tools - INFO - Key=anglr_,And Value=80.0 is updated into json/input_values.json
2024-07-29 20:56:05,084 - tools - INFO - {'total_h': 4.5, 'anglr_': 80.0, 'base_h': 1.5, 'reso': 0.0001, 'coil_radius': 2.5, 'selected_file': 'C:/Users/nares/Desktop/LAB/movie/two/big - Copy.csv'} is saved in json/input_values.json as JSON successfully.
2024-07-29 20:56:05,084 - tools - INFO - Key=base_h,And Value=1.5 is updated into json/input_values.json
2024-07-29 20:56:05,086 - tools - INFO - {'total_h': 4.5, 'anglr_': 80.0, 'base_h': 1.5, 'reso': 0.001, 'coil_radius': 2.5, 'selected_file': 'C:/Users/nares/Desktop/LAB/movie/two/big - Copy.csv'} is saved in json/input_values.json as JSON successfully.
2024-07-29 20:56:05,086 - tools - INFO - Key=reso,And Value=0.001 is updated into json/input_values.json
2024-07-29 20:56:05,159 - tools - INFO - find_json_value: anglr_ into json/input_values.json is 80.0
2024-07-29 20:56:42,873 - tools - INFO - find_json_value: selected_file into json/input_values.json is C:/Users/nares/Desktop/LAB/movie/two/big - Copy.csv
