2025-07-14 20:43:46,233 - tools - INFO - find_json_value: reso into json/input_values.json is 0.005
2025-07-14 20:43:46,238 - tools - INFO - find_json_value: anglr_ into json/input_values.json is 45.0
2025-07-14 20:43:46,240 - tools - INFO - find_json_value: steps into json/input_values.json is 400.0
2025-07-14 20:43:46,242 - tools - INFO - find_json_value: coil_radius into json/input_values.json is coil_radius
2025-07-14 20:43:46,244 - tools - INFO - find_json_value: base_h into json/input_values.json is 2.0
2025-07-14 20:43:46,247 - tools - INFO - find_json_value: total_h into json/input_values.json is 5.0
2025-07-14 20:43:56,296 - tools - INFO - find_json_value: steps into json/input_values.json is 400.0
2025-07-14 20:43:56,296 - tools - INFO - find_json_value: anglr_ into json/input_values.json is 45.0
2025-07-14 20:43:56,296 - tools - INFO - find_json_value: base_h into json/input_values.json is 2.0
2025-07-14 20:43:56,298 - tools - INFO - find_json_value: total_h into json/input_values.json is 5.0
2025-07-14 20:43:56,298 - tools - INFO - find_json_value: selected_file into json/input_values.json is None
2025-07-14 20:43:58,696 - tools - INFO - find_json_value: steps into json/input_values.json is 400.0
2025-07-14 20:43:58,698 - tools - INFO - find_json_value: anglr_ into json/input_values.json is 45.0
2025-07-14 20:43:58,698 - tools - INFO - find_json_value: base_h into json/input_values.json is 2.0
2025-07-14 20:43:58,698 - tools - INFO - find_json_value: total_h into json/input_values.json is 5.0
2025-07-14 20:43:58,700 - tools - INFO - find_json_value: selected_file into json/input_values.json is None
2025-07-14 20:43:58,709 - tools - INFO - find_json_value: anglr_ into json/input_values.json is 45.0
2025-07-14 20:44:03,396 - tools - INFO - find_json_value: steps into json/input_values.json is 400.0
2025-07-14 20:44:03,396 - tools - INFO - find_json_value: anglr_ into json/input_values.json is 45.0
2025-07-14 20:44:03,396 - tools - INFO - find_json_value: base_h into json/input_values.json is 2.0
2025-07-14 20:44:03,396 - tools - INFO - find_json_value: total_h into json/input_values.json is 5.0
2025-07-14 20:44:03,399 - tools - INFO - find_json_value: selected_file into json/input_values.json is None
2025-07-14 20:44:03,407 - __main__ - INFO - show_selected_item==Generate_X_Rotate
2025-07-14 20:44:03,407 - tools - INFO - find_json_value: anglr_ into json/input_values.json is 45.0
2025-07-14 20:44:08,384 - tools - INFO - find_json_value: steps into json/input_values.json is 400.0
2025-07-14 20:44:08,384 - tools - INFO - find_json_value: anglr_ into json/input_values.json is 45.0
2025-07-14 20:44:08,384 - tools - INFO - find_json_value: base_h into json/input_values.json is 2.0
2025-07-14 20:44:08,390 - tools - INFO - find_json_value: total_h into json/input_values.json is 5.0
2025-07-14 20:44:08,390 - tools - INFO - find_json_value: selected_file into json/input_values.json is None
2025-07-14 20:44:09,758 - tools - INFO - find_json_value: steps into json/input_values.json is 400.0
2025-07-14 20:44:09,758 - tools - INFO - find_json_value: anglr_ into json/input_values.json is 45.0
2025-07-14 20:44:09,759 - tools - INFO - find_json_value: base_h into json/input_values.json is 2.0
2025-07-14 20:44:09,760 - tools - INFO - find_json_value: total_h into json/input_values.json is 5.0
2025-07-14 20:44:09,760 - tools - INFO - find_json_value: selected_file into json/input_values.json is None
2025-07-14 20:44:09,769 - tools - INFO - find_json_value: anglr_ into json/input_values.json is 45.0
2025-07-14 20:44:15,006 - tools - INFO - find_json_value: steps into json/input_values.json is 400.0
2025-07-14 20:44:15,006 - tools - INFO - find_json_value: anglr_ into json/input_values.json is 45.0
2025-07-14 20:44:15,006 - tools - INFO - find_json_value: base_h into json/input_values.json is 2.0
2025-07-14 20:44:15,008 - tools - INFO - find_json_value: total_h into json/input_values.json is 5.0
2025-07-14 20:44:15,008 - tools - INFO - find_json_value: selected_file into json/input_values.json is None
2025-07-14 20:44:48,148 - tools - INFO - find_json_value: reso into json/input_values.json is 0.005
2025-07-14 20:44:48,151 - tools - INFO - find_json_value: anglr_ into json/input_values.json is 45.0
2025-07-14 20:44:48,154 - tools - INFO - find_json_value: steps into json/input_values.json is 400.0
2025-07-14 20:44:48,163 - tools - INFO - find_json_value: coil_radius into json/input_values.json is coil_radius
2025-07-14 20:44:48,165 - tools - INFO - find_json_value: base_h into json/input_values.json is 2.0
2025-07-14 20:44:48,167 - tools - INFO - find_json_value: total_h into json/input_values.json is 5.0
