2025-06-08 10:40:18,191 - tools - INFO - find_json_value: reso into json/input_values.json is 0.005
2025-06-08 10:40:18,199 - tools - INFO - find_json_value: anglr_ into json/input_values.json is 45.0
2025-06-08 10:40:18,199 - tools - INFO - find_json_value: steps into json/input_values.json is 400.0
2025-06-08 10:40:18,199 - tools - INFO - find_json_value: coil_radius into json/input_values.json is None
2025-06-08 10:40:18,199 - tools - INFO - find_json_value: base_h into json/input_values.json is 2.0
2025-06-08 10:40:18,199 - tools - INFO - find_json_value: total_h into json/input_values.json is 5.0
2025-06-08 10:40:27,003 - tools - INFO - find_json_value: steps into json/input_values.json is 400.0
2025-06-08 10:40:27,003 - tools - INFO - find_json_value: anglr_ into json/input_values.json is 45.0
2025-06-08 10:40:27,006 - tools - INFO - find_json_value: base_h into json/input_values.json is 2.0
2025-06-08 10:40:27,006 - tools - INFO - find_json_value: total_h into json/input_values.json is 5.0
2025-06-08 10:40:27,006 - tools - INFO - find_json_value: selected_file into json/input_values.json is None
2025-06-08 10:40:27,010 - tools - INFO - find_json_value: anglr_ into json/input_values.json is 45.0
2025-06-08 10:41:21,947 - tools - INFO - find_json_value: reso into json/input_values.json is 0.005
2025-06-08 10:41:21,947 - tools - INFO - find_json_value: anglr_ into json/input_values.json is 45.0
2025-06-08 10:41:21,947 - tools - INFO - find_json_value: steps into json/input_values.json is 400.0
2025-06-08 10:41:21,947 - tools - INFO - find_json_value: coil_radius into json/input_values.json is None
2025-06-08 10:41:21,947 - tools - INFO - find_json_value: base_h into json/input_values.json is 2.0
2025-06-08 10:41:21,947 - tools - INFO - find_json_value: total_h into json/input_values.json is 5.0
2025-06-08 10:41:27,679 - tools - INFO - find_json_value: steps into json/input_values.json is 400.0
2025-06-08 10:41:27,679 - tools - INFO - find_json_value: anglr_ into json/input_values.json is 45.0
2025-06-08 10:41:27,682 - tools - INFO - find_json_value: base_h into json/input_values.json is 2.0
2025-06-08 10:41:27,682 - tools - INFO - find_json_value: total_h into json/input_values.json is 5.0
2025-06-08 10:41:27,682 - tools - INFO - find_json_value: selected_file into json/input_values.json is None
